CRITICAL - 2021-12-22 02:43:21 --> The framework needs the following extension(s) installed and loaded: intl.
#0 C:\xampp\htdocs\bsit\ci\todo\system\CodeIgniter.php(219): CodeIgniter\Exceptions\FrameworkException::forMissingExtension('intl')
#1 C:\xampp\htdocs\bsit\ci\todo\system\CodeIgniter.php(177): CodeIgniter\CodeIgniter->resolvePlatformExtensions()
#2 C:\xampp\htdocs\bsit\ci\todo\system\bootstrap.php(146): CodeIgniter\CodeIgniter->initialize()
#3 C:\xampp\htdocs\bsit\ci\todo\public\index.php(28): require('C:\\xampp\\htdocs...')
#4 {main}
CRITICAL - 2021-12-22 02:43:38 --> The framework needs the following extension(s) installed and loaded: intl.
#0 C:\xampp\htdocs\bsit\ci\todo\system\CodeIgniter.php(219): CodeIgniter\Exceptions\FrameworkException::forMissingExtension('intl')
#1 C:\xampp\htdocs\bsit\ci\todo\system\CodeIgniter.php(177): CodeIgniter\CodeIgniter->resolvePlatformExtensions()
#2 C:\xampp\htdocs\bsit\ci\todo\system\bootstrap.php(146): CodeIgniter\CodeIgniter->initialize()
#3 C:\xampp\htdocs\bsit\ci\todo\public\index.php(28): require('C:\\xampp\\htdocs...')
#4 {main}
CRITICAL - 2021-12-22 02:45:15 --> The framework needs the following extension(s) installed and loaded: intl.
#0 C:\xampp\htdocs\bsit\ci\todo\system\CodeIgniter.php(219): CodeIgniter\Exceptions\FrameworkException::forMissingExtension('intl')
#1 C:\xampp\htdocs\bsit\ci\todo\system\CodeIgniter.php(177): CodeIgniter\CodeIgniter->resolvePlatformExtensions()
#2 C:\xampp\htdocs\bsit\ci\todo\system\bootstrap.php(146): CodeIgniter\CodeIgniter->initialize()
#3 C:\xampp\htdocs\bsit\ci\todo\public\index.php(28): require('C:\\xampp\\htdocs...')
#4 {main}
CRITICAL - 2021-12-22 02:45:15 --> The framework needs the following extension(s) installed and loaded: intl.
#0 C:\xampp\htdocs\bsit\ci\todo\system\CodeIgniter.php(219): CodeIgniter\Exceptions\FrameworkException::forMissingExtension('intl')
#1 C:\xampp\htdocs\bsit\ci\todo\system\CodeIgniter.php(177): CodeIgniter\CodeIgniter->resolvePlatformExtensions()
#2 C:\xampp\htdocs\bsit\ci\todo\system\bootstrap.php(146): CodeIgniter\CodeIgniter->initialize()
#3 C:\xampp\htdocs\bsit\ci\todo\public\index.php(28): require('C:\\xampp\\htdocs...')
#4 {main}
CRITICAL - 2021-12-22 02:46:40 --> The framework needs the following extension(s) installed and loaded: intl.
#0 C:\xampp\htdocs\bsit\ci\todo\system\CodeIgniter.php(219): CodeIgniter\Exceptions\FrameworkException::forMissingExtension('intl')
#1 C:\xampp\htdocs\bsit\ci\todo\system\CodeIgniter.php(177): CodeIgniter\CodeIgniter->resolvePlatformExtensions()
#2 C:\xampp\htdocs\bsit\ci\todo\system\bootstrap.php(146): CodeIgniter\CodeIgniter->initialize()
#3 C:\xampp\htdocs\bsit\ci\todo\public\index.php(28): require('C:\\xampp\\htdocs...')
#4 {main}
CRITICAL - 2021-12-22 02:47:23 --> The framework needs the following extension(s) installed and loaded: intl.
#0 C:\xampp\htdocs\bsit\ci\todo\system\CodeIgniter.php(219): CodeIgniter\Exceptions\FrameworkException::forMissingExtension('intl')
#1 C:\xampp\htdocs\bsit\ci\todo\system\CodeIgniter.php(177): CodeIgniter\CodeIgniter->resolvePlatformExtensions()
#2 C:\xampp\htdocs\bsit\ci\todo\system\bootstrap.php(146): CodeIgniter\CodeIgniter->initialize()
#3 C:\xampp\htdocs\bsit\ci\todo\public\index.php(28): require('C:\\xampp\\htdocs...')
#4 {main}
CRITICAL - 2021-12-22 02:47:24 --> The framework needs the following extension(s) installed and loaded: intl.
#0 C:\xampp\htdocs\bsit\ci\todo\system\CodeIgniter.php(219): CodeIgniter\Exceptions\FrameworkException::forMissingExtension('intl')
#1 C:\xampp\htdocs\bsit\ci\todo\system\CodeIgniter.php(177): CodeIgniter\CodeIgniter->resolvePlatformExtensions()
#2 C:\xampp\htdocs\bsit\ci\todo\system\bootstrap.php(146): CodeIgniter\CodeIgniter->initialize()
#3 C:\xampp\htdocs\bsit\ci\todo\public\index.php(28): require('C:\\xampp\\htdocs...')
#4 {main}
CRITICAL - 2021-12-22 02:47:29 --> The framework needs the following extension(s) installed and loaded: intl.
#0 C:\xampp\htdocs\bsit\ci\todo\system\CodeIgniter.php(219): CodeIgniter\Exceptions\FrameworkException::forMissingExtension('intl')
#1 C:\xampp\htdocs\bsit\ci\todo\system\CodeIgniter.php(177): CodeIgniter\CodeIgniter->resolvePlatformExtensions()
#2 C:\xampp\htdocs\bsit\ci\todo\system\bootstrap.php(146): CodeIgniter\CodeIgniter->initialize()
#3 C:\xampp\htdocs\bsit\ci\todo\public\index.php(28): require('C:\\xampp\\htdocs...')
#4 {main}
CRITICAL - 2021-12-22 02:48:00 --> The framework needs the following extension(s) installed and loaded: intl.
#0 C:\xampp\htdocs\bsit\ci\todo\system\CodeIgniter.php(219): CodeIgniter\Exceptions\FrameworkException::forMissingExtension('intl')
#1 C:\xampp\htdocs\bsit\ci\todo\system\CodeIgniter.php(177): CodeIgniter\CodeIgniter->resolvePlatformExtensions()
#2 C:\xampp\htdocs\bsit\ci\todo\system\bootstrap.php(146): CodeIgniter\CodeIgniter->initialize()
#3 C:\xampp\htdocs\bsit\ci\todo\public\index.php(28): require('C:\\xampp\\htdocs...')
#4 {main}
CRITICAL - 2021-12-22 02:48:47 --> The framework needs the following extension(s) installed and loaded: intl.
#0 C:\xampp\htdocs\bsit\ci\todo\system\CodeIgniter.php(219): CodeIgniter\Exceptions\FrameworkException::forMissingExtension('intl')
#1 C:\xampp\htdocs\bsit\ci\todo\system\CodeIgniter.php(177): CodeIgniter\CodeIgniter->resolvePlatformExtensions()
#2 C:\xampp\htdocs\bsit\ci\todo\system\bootstrap.php(146): CodeIgniter\CodeIgniter->initialize()
#3 C:\xampp\htdocs\bsit\ci\todo\public\index.php(28): require('C:\\xampp\\htdocs...')
#4 {main}
CRITICAL - 2021-12-22 02:48:59 --> The framework needs the following extension(s) installed and loaded: intl.
#0 C:\xampp\htdocs\bsit\ci\todo\system\CodeIgniter.php(219): CodeIgniter\Exceptions\FrameworkException::forMissingExtension('intl')
#1 C:\xampp\htdocs\bsit\ci\todo\system\CodeIgniter.php(177): CodeIgniter\CodeIgniter->resolvePlatformExtensions()
#2 C:\xampp\htdocs\bsit\ci\todo\system\bootstrap.php(146): CodeIgniter\CodeIgniter->initialize()
#3 C:\xampp\htdocs\bsit\ci\todo\public\index.php(28): require('C:\\xampp\\htdocs...')
#4 {main}
CRITICAL - 2021-12-22 02:49:09 --> The framework needs the following extension(s) installed and loaded: intl.
#0 C:\xampp\htdocs\bsit\ci\todo\system\CodeIgniter.php(219): CodeIgniter\Exceptions\FrameworkException::forMissingExtension('intl')
#1 C:\xampp\htdocs\bsit\ci\todo\system\CodeIgniter.php(177): CodeIgniter\CodeIgniter->resolvePlatformExtensions()
#2 C:\xampp\htdocs\bsit\ci\todo\system\bootstrap.php(146): CodeIgniter\CodeIgniter->initialize()
#3 C:\xampp\htdocs\bsit\ci\todo\public\index.php(28): require('C:\\xampp\\htdocs...')
#4 {main}
CRITICAL - 2021-12-22 02:51:50 --> The framework needs the following extension(s) installed and loaded: intl.
#0 C:\xampp\htdocs\bsit\ci\todo\system\CodeIgniter.php(219): CodeIgniter\Exceptions\FrameworkException::forMissingExtension('intl')
#1 C:\xampp\htdocs\bsit\ci\todo\system\CodeIgniter.php(177): CodeIgniter\CodeIgniter->resolvePlatformExtensions()
#2 C:\xampp\htdocs\bsit\ci\todo\system\bootstrap.php(146): CodeIgniter\CodeIgniter->initialize()
#3 C:\xampp\htdocs\bsit\ci\todo\public\index.php(28): require('C:\\xampp\\htdocs...')
#4 {main}
CRITICAL - 2021-12-22 00:17:34 --> Class 'App\Models\UserModel' not found
#0 C:\xampp\htdocs\bsit\ci\todo\system\CodeIgniter.php(801): App\Controllers\Auth\Login->__construct()
#1 C:\xampp\htdocs\bsit\ci\todo\system\CodeIgniter.php(401): CodeIgniter\CodeIgniter->createController()
#2 C:\xampp\htdocs\bsit\ci\todo\system\CodeIgniter.php(318): CodeIgniter\CodeIgniter->handleRequest(NULL, Object(Config\Cache), false)
#3 C:\xampp\htdocs\bsit\ci\todo\public\index.php(37): CodeIgniter\CodeIgniter->run()
#4 {main}
CRITICAL - 2021-12-22 00:17:38 --> Class 'App\Models\UserModel' not found
#0 C:\xampp\htdocs\bsit\ci\todo\system\CodeIgniter.php(801): App\Controllers\Auth\Login->__construct()
#1 C:\xampp\htdocs\bsit\ci\todo\system\CodeIgniter.php(401): CodeIgniter\CodeIgniter->createController()
#2 C:\xampp\htdocs\bsit\ci\todo\system\CodeIgniter.php(318): CodeIgniter\CodeIgniter->handleRequest(NULL, Object(Config\Cache), false)
#3 C:\xampp\htdocs\bsit\ci\todo\public\index.php(37): CodeIgniter\CodeIgniter->run()
#4 {main}
CRITICAL - 2021-12-22 00:17:46 --> Class 'App\Models\UserModel' not found
#0 C:\xampp\htdocs\bsit\ci\todo\system\CodeIgniter.php(801): App\Controllers\Auth\Login->__construct()
#1 C:\xampp\htdocs\bsit\ci\todo\system\CodeIgniter.php(401): CodeIgniter\CodeIgniter->createController()
#2 C:\xampp\htdocs\bsit\ci\todo\system\CodeIgniter.php(318): CodeIgniter\CodeIgniter->handleRequest(NULL, Object(Config\Cache), false)
#3 C:\xampp\htdocs\bsit\ci\todo\public\index.php(37): CodeIgniter\CodeIgniter->run()
#4 {main}
CRITICAL - 2021-12-22 00:19:44 --> Class 'App\Models\UserModel' not found
#0 C:\xampp\htdocs\bsit\ci\todo\system\CodeIgniter.php(801): App\Controllers\Auth\Login->__construct()
#1 C:\xampp\htdocs\bsit\ci\todo\system\CodeIgniter.php(401): CodeIgniter\CodeIgniter->createController()
#2 C:\xampp\htdocs\bsit\ci\todo\system\CodeIgniter.php(318): CodeIgniter\CodeIgniter->handleRequest(NULL, Object(Config\Cache), false)
#3 C:\xampp\htdocs\bsit\ci\todo\public\index.php(37): CodeIgniter\CodeIgniter->run()
#4 {main}
CRITICAL - 2021-12-22 00:19:45 --> Class 'App\Models\UserModel' not found
#0 C:\xampp\htdocs\bsit\ci\todo\system\CodeIgniter.php(801): App\Controllers\Auth\Login->__construct()
#1 C:\xampp\htdocs\bsit\ci\todo\system\CodeIgniter.php(401): CodeIgniter\CodeIgniter->createController()
#2 C:\xampp\htdocs\bsit\ci\todo\system\CodeIgniter.php(318): CodeIgniter\CodeIgniter->handleRequest(NULL, Object(Config\Cache), false)
#3 C:\xampp\htdocs\bsit\ci\todo\public\index.php(37): CodeIgniter\CodeIgniter->run()
#4 {main}
CRITICAL - 2021-12-22 00:19:53 --> Class 'App\Models\UserModel' not found
#0 C:\xampp\htdocs\bsit\ci\todo\system\CodeIgniter.php(801): App\Controllers\Auth\Login->__construct()
#1 C:\xampp\htdocs\bsit\ci\todo\system\CodeIgniter.php(401): CodeIgniter\CodeIgniter->createController()
#2 C:\xampp\htdocs\bsit\ci\todo\system\CodeIgniter.php(318): CodeIgniter\CodeIgniter->handleRequest(NULL, Object(Config\Cache), false)
#3 C:\xampp\htdocs\bsit\ci\todo\public\index.php(37): CodeIgniter\CodeIgniter->run()
#4 {main}
CRITICAL - 2021-12-22 00:20:37 --> Class 'App\Models\UserModel' not found
#0 C:\xampp\htdocs\bsit\ci\todo\system\CodeIgniter.php(801): App\Controllers\Auth\Login->__construct()
#1 C:\xampp\htdocs\bsit\ci\todo\system\CodeIgniter.php(401): CodeIgniter\CodeIgniter->createController()
#2 C:\xampp\htdocs\bsit\ci\todo\system\CodeIgniter.php(318): CodeIgniter\CodeIgniter->handleRequest(NULL, Object(Config\Cache), false)
#3 C:\xampp\htdocs\bsit\ci\todo\public\index.php(37): CodeIgniter\CodeIgniter->run()
#4 {main}
CRITICAL - 2021-12-22 00:20:41 --> Class 'App\Models\UserModel' not found
#0 C:\xampp\htdocs\bsit\ci\todo\system\CodeIgniter.php(801): App\Controllers\Auth\Login->__construct()
#1 C:\xampp\htdocs\bsit\ci\todo\system\CodeIgniter.php(401): CodeIgniter\CodeIgniter->createController()
#2 C:\xampp\htdocs\bsit\ci\todo\system\CodeIgniter.php(318): CodeIgniter\CodeIgniter->handleRequest(NULL, Object(Config\Cache), false)
#3 C:\xampp\htdocs\bsit\ci\todo\public\index.php(37): CodeIgniter\CodeIgniter->run()
#4 {main}
CRITICAL - 2021-12-22 00:20:53 --> Class 'App\Models\UserModel' not found
#0 C:\xampp\htdocs\bsit\ci\todo\system\CodeIgniter.php(801): App\Controllers\Auth\Login->__construct()
#1 C:\xampp\htdocs\bsit\ci\todo\system\CodeIgniter.php(401): CodeIgniter\CodeIgniter->createController()
#2 C:\xampp\htdocs\bsit\ci\todo\system\CodeIgniter.php(318): CodeIgniter\CodeIgniter->handleRequest(NULL, Object(Config\Cache), false)
#3 C:\xampp\htdocs\bsit\ci\todo\public\index.php(37): CodeIgniter\CodeIgniter->run()
#4 {main}
CRITICAL - 2021-12-22 00:25:17 --> Class 'App\Models\UserModel' not found
#0 C:\xampp\htdocs\bsit\ci\todo\system\CodeIgniter.php(801): App\Controllers\Auth\Login->__construct()
#1 C:\xampp\htdocs\bsit\ci\todo\system\CodeIgniter.php(401): CodeIgniter\CodeIgniter->createController()
#2 C:\xampp\htdocs\bsit\ci\todo\system\CodeIgniter.php(318): CodeIgniter\CodeIgniter->handleRequest(NULL, Object(Config\Cache), false)
#3 C:\xampp\htdocs\bsit\ci\todo\public\index.php(37): CodeIgniter\CodeIgniter->run()
#4 {main}
CRITICAL - 2021-12-22 00:25:26 --> Class 'App\Models\UserModel' not found
#0 C:\xampp\htdocs\bsit\ci\todo\system\CodeIgniter.php(801): App\Controllers\Auth\Login->__construct()
#1 C:\xampp\htdocs\bsit\ci\todo\system\CodeIgniter.php(401): CodeIgniter\CodeIgniter->createController()
#2 C:\xampp\htdocs\bsit\ci\todo\system\CodeIgniter.php(318): CodeIgniter\CodeIgniter->handleRequest(NULL, Object(Config\Cache), false)
#3 C:\xampp\htdocs\bsit\ci\todo\public\index.php(37): CodeIgniter\CodeIgniter->run()
#4 {main}
CRITICAL - 2021-12-22 00:26:51 --> Class 'App\Models\UserModel' not found
#0 C:\xampp\htdocs\bsit\ci\todo\system\CodeIgniter.php(801): App\Controllers\Auth\Login->__construct()
#1 C:\xampp\htdocs\bsit\ci\todo\system\CodeIgniter.php(401): CodeIgniter\CodeIgniter->createController()
#2 C:\xampp\htdocs\bsit\ci\todo\system\CodeIgniter.php(318): CodeIgniter\CodeIgniter->handleRequest(NULL, Object(Config\Cache), false)
#3 C:\xampp\htdocs\bsit\ci\todo\public\index.php(37): CodeIgniter\CodeIgniter->run()
#4 {main}
CRITICAL - 2021-12-22 00:27:37 --> Class 'App\Models\UserModel' not found
#0 C:\xampp\htdocs\bsit\ci\todo\system\CodeIgniter.php(801): App\Controllers\Auth\Login->__construct()
#1 C:\xampp\htdocs\bsit\ci\todo\system\CodeIgniter.php(401): CodeIgniter\CodeIgniter->createController()
#2 C:\xampp\htdocs\bsit\ci\todo\system\CodeIgniter.php(318): CodeIgniter\CodeIgniter->handleRequest(NULL, Object(Config\Cache), false)
#3 C:\xampp\htdocs\bsit\ci\todo\public\index.php(37): CodeIgniter\CodeIgniter->run()
#4 {main}
CRITICAL - 2021-12-22 00:34:34 --> Class 'App\Models\UserModel' not found
#0 C:\xampp\htdocs\bsit\ci\todo\system\CodeIgniter.php(801): App\Controllers\Auth\Login->__construct()
#1 C:\xampp\htdocs\bsit\ci\todo\system\CodeIgniter.php(401): CodeIgniter\CodeIgniter->createController()
#2 C:\xampp\htdocs\bsit\ci\todo\system\CodeIgniter.php(318): CodeIgniter\CodeIgniter->handleRequest(NULL, Object(Config\Cache), false)
#3 C:\xampp\htdocs\bsit\ci\todo\public\index.php(37): CodeIgniter\CodeIgniter->run()
#4 {main}
CRITICAL - 2021-12-22 00:34:35 --> Class 'App\Models\UserModel' not found
#0 C:\xampp\htdocs\bsit\ci\todo\system\CodeIgniter.php(801): App\Controllers\Auth\Login->__construct()
#1 C:\xampp\htdocs\bsit\ci\todo\system\CodeIgniter.php(401): CodeIgniter\CodeIgniter->createController()
#2 C:\xampp\htdocs\bsit\ci\todo\system\CodeIgniter.php(318): CodeIgniter\CodeIgniter->handleRequest(NULL, Object(Config\Cache), false)
#3 C:\xampp\htdocs\bsit\ci\todo\public\index.php(37): CodeIgniter\CodeIgniter->run()
#4 {main}
CRITICAL - 2021-12-22 00:36:14 --> Class 'App\Models\UserModel' not found
#0 C:\xampp\htdocs\bsit\ci\todo\system\CodeIgniter.php(801): App\Controllers\Auth\Login->__construct()
#1 C:\xampp\htdocs\bsit\ci\todo\system\CodeIgniter.php(401): CodeIgniter\CodeIgniter->createController()
#2 C:\xampp\htdocs\bsit\ci\todo\system\CodeIgniter.php(318): CodeIgniter\CodeIgniter->handleRequest(NULL, Object(Config\Cache), false)
#3 C:\xampp\htdocs\bsit\ci\todo\public\index.php(37): CodeIgniter\CodeIgniter->run()
#4 {main}
CRITICAL - 2021-12-22 00:36:24 --> Class 'App\Models\UserModel' not found
#0 C:\xampp\htdocs\bsit\ci\todo\system\CodeIgniter.php(801): App\Controllers\Auth\Login->__construct()
#1 C:\xampp\htdocs\bsit\ci\todo\system\CodeIgniter.php(401): CodeIgniter\CodeIgniter->createController()
#2 C:\xampp\htdocs\bsit\ci\todo\system\CodeIgniter.php(318): CodeIgniter\CodeIgniter->handleRequest(NULL, Object(Config\Cache), false)
#3 C:\xampp\htdocs\bsit\ci\todo\public\index.php(37): CodeIgniter\CodeIgniter->run()
#4 {main}
CRITICAL - 2021-12-22 00:36:54 --> Class 'App\Models\UserModel' not found
#0 C:\xampp\htdocs\bsit\ci\todo\system\CodeIgniter.php(801): App\Controllers\Auth\Login->__construct()
#1 C:\xampp\htdocs\bsit\ci\todo\system\CodeIgniter.php(401): CodeIgniter\CodeIgniter->createController()
#2 C:\xampp\htdocs\bsit\ci\todo\system\CodeIgniter.php(318): CodeIgniter\CodeIgniter->handleRequest(NULL, Object(Config\Cache), false)
#3 C:\xampp\htdocs\bsit\ci\todo\public\index.php(37): CodeIgniter\CodeIgniter->run()
#4 {main}
CRITICAL - 2021-12-22 00:39:36 --> Class 'App\Models\UserModel' not found
#0 C:\xampp\htdocs\bsit\ci\todo\system\CodeIgniter.php(801): App\Controllers\Auth\Login->__construct()
#1 C:\xampp\htdocs\bsit\ci\todo\system\CodeIgniter.php(401): CodeIgniter\CodeIgniter->createController()
#2 C:\xampp\htdocs\bsit\ci\todo\system\CodeIgniter.php(318): CodeIgniter\CodeIgniter->handleRequest(NULL, Object(Config\Cache), false)
#3 C:\xampp\htdocs\bsit\ci\todo\public\index.php(37): CodeIgniter\CodeIgniter->run()
#4 {main}
CRITICAL - 2021-12-22 00:40:12 --> Class 'App\Models\UserModel' not found
#0 C:\xampp\htdocs\bsit\ci\todo\system\CodeIgniter.php(801): App\Controllers\Auth\Login->__construct()
#1 C:\xampp\htdocs\bsit\ci\todo\system\CodeIgniter.php(401): CodeIgniter\CodeIgniter->createController()
#2 C:\xampp\htdocs\bsit\ci\todo\system\CodeIgniter.php(318): CodeIgniter\CodeIgniter->handleRequest(NULL, Object(Config\Cache), false)
#3 C:\xampp\htdocs\bsit\ci\todo\public\index.php(37): CodeIgniter\CodeIgniter->run()
#4 {main}
CRITICAL - 2021-12-22 00:40:35 --> Class 'App\Models\UserModel' not found
#0 C:\xampp\htdocs\bsit\ci\todo\system\CodeIgniter.php(801): App\Controllers\Auth\Login->__construct()
#1 C:\xampp\htdocs\bsit\ci\todo\system\CodeIgniter.php(401): CodeIgniter\CodeIgniter->createController()
#2 C:\xampp\htdocs\bsit\ci\todo\system\CodeIgniter.php(318): CodeIgniter\CodeIgniter->handleRequest(NULL, Object(Config\Cache), false)
#3 C:\xampp\htdocs\bsit\ci\todo\public\index.php(37): CodeIgniter\CodeIgniter->run()
#4 {main}
CRITICAL - 2021-12-22 00:40:53 --> Class 'App\Models\UserModel' not found
#0 C:\xampp\htdocs\bsit\ci\todo\system\CodeIgniter.php(801): App\Controllers\Auth\Login->__construct()
#1 C:\xampp\htdocs\bsit\ci\todo\system\CodeIgniter.php(401): CodeIgniter\CodeIgniter->createController()
#2 C:\xampp\htdocs\bsit\ci\todo\system\CodeIgniter.php(318): CodeIgniter\CodeIgniter->handleRequest(NULL, Object(Config\Cache), false)
#3 C:\xampp\htdocs\bsit\ci\todo\public\index.php(37): CodeIgniter\CodeIgniter->run()
#4 {main}
CRITICAL - 2021-12-22 00:40:57 --> Class 'App\Models\UserModel' not found
#0 C:\xampp\htdocs\bsit\ci\todo\system\CodeIgniter.php(801): App\Controllers\Auth\Login->__construct()
#1 C:\xampp\htdocs\bsit\ci\todo\system\CodeIgniter.php(401): CodeIgniter\CodeIgniter->createController()
#2 C:\xampp\htdocs\bsit\ci\todo\system\CodeIgniter.php(318): CodeIgniter\CodeIgniter->handleRequest(NULL, Object(Config\Cache), false)
#3 C:\xampp\htdocs\bsit\ci\todo\public\index.php(37): CodeIgniter\CodeIgniter->run()
#4 {main}
CRITICAL - 2021-12-22 00:41:04 --> Class 'App\Models\UserModel' not found
#0 C:\xampp\htdocs\bsit\ci\todo\system\CodeIgniter.php(801): App\Controllers\Auth\Login->__construct()
#1 C:\xampp\htdocs\bsit\ci\todo\system\CodeIgniter.php(401): CodeIgniter\CodeIgniter->createController()
#2 C:\xampp\htdocs\bsit\ci\todo\system\CodeIgniter.php(318): CodeIgniter\CodeIgniter->handleRequest(NULL, Object(Config\Cache), false)
#3 C:\xampp\htdocs\bsit\ci\todo\public\index.php(37): CodeIgniter\CodeIgniter->run()
#4 {main}
CRITICAL - 2021-12-22 00:41:47 --> Class 'App\Models\UserModel' not found
#0 C:\xampp\htdocs\bsit\ci\todo\system\CodeIgniter.php(801): App\Controllers\Auth\Login->__construct()
#1 C:\xampp\htdocs\bsit\ci\todo\system\CodeIgniter.php(401): CodeIgniter\CodeIgniter->createController()
#2 C:\xampp\htdocs\bsit\ci\todo\system\CodeIgniter.php(318): CodeIgniter\CodeIgniter->handleRequest(NULL, Object(Config\Cache), false)
#3 C:\xampp\htdocs\bsit\ci\todo\public\index.php(37): CodeIgniter\CodeIgniter->run()
#4 {main}
CRITICAL - 2021-12-22 00:41:49 --> Class 'App\Models\UserModel' not found
#0 C:\xampp\htdocs\bsit\ci\todo\system\CodeIgniter.php(801): App\Controllers\Auth\Login->__construct()
#1 C:\xampp\htdocs\bsit\ci\todo\system\CodeIgniter.php(401): CodeIgniter\CodeIgniter->createController()
#2 C:\xampp\htdocs\bsit\ci\todo\system\CodeIgniter.php(318): CodeIgniter\CodeIgniter->handleRequest(NULL, Object(Config\Cache), false)
#3 C:\xampp\htdocs\bsit\ci\todo\public\index.php(37): CodeIgniter\CodeIgniter->run()
#4 {main}
CRITICAL - 2021-12-22 00:42:13 --> Class 'App\Models\UserModel' not found
#0 C:\xampp\htdocs\bsit\ci\todo\system\CodeIgniter.php(801): App\Controllers\Auth\Login->__construct()
#1 C:\xampp\htdocs\bsit\ci\todo\system\CodeIgniter.php(401): CodeIgniter\CodeIgniter->createController()
#2 C:\xampp\htdocs\bsit\ci\todo\system\CodeIgniter.php(318): CodeIgniter\CodeIgniter->handleRequest(NULL, Object(Config\Cache), false)
#3 C:\xampp\htdocs\bsit\ci\todo\public\index.php(37): CodeIgniter\CodeIgniter->run()
#4 {main}
CRITICAL - 2021-12-22 00:42:14 --> Class 'App\Models\UserModel' not found
#0 C:\xampp\htdocs\bsit\ci\todo\system\CodeIgniter.php(801): App\Controllers\Auth\Login->__construct()
#1 C:\xampp\htdocs\bsit\ci\todo\system\CodeIgniter.php(401): CodeIgniter\CodeIgniter->createController()
#2 C:\xampp\htdocs\bsit\ci\todo\system\CodeIgniter.php(318): CodeIgniter\CodeIgniter->handleRequest(NULL, Object(Config\Cache), false)
#3 C:\xampp\htdocs\bsit\ci\todo\public\index.php(37): CodeIgniter\CodeIgniter->run()
#4 {main}
CRITICAL - 2021-12-22 00:42:33 --> Class 'App\Models\UserModel' not found
#0 C:\xampp\htdocs\bsit\ci\todo\system\CodeIgniter.php(801): App\Controllers\Auth\Login->__construct()
#1 C:\xampp\htdocs\bsit\ci\todo\system\CodeIgniter.php(401): CodeIgniter\CodeIgniter->createController()
#2 C:\xampp\htdocs\bsit\ci\todo\system\CodeIgniter.php(318): CodeIgniter\CodeIgniter->handleRequest(NULL, Object(Config\Cache), false)
#3 C:\xampp\htdocs\bsit\ci\todo\public\index.php(37): CodeIgniter\CodeIgniter->run()
#4 {main}
CRITICAL - 2021-12-22 00:43:16 --> Class 'App\Models\UserModel' not found
#0 C:\xampp\htdocs\bsit\ci\todo\system\CodeIgniter.php(801): App\Controllers\Auth\Login->__construct()
#1 C:\xampp\htdocs\bsit\ci\todo\system\CodeIgniter.php(401): CodeIgniter\CodeIgniter->createController()
#2 C:\xampp\htdocs\bsit\ci\todo\system\CodeIgniter.php(318): CodeIgniter\CodeIgniter->handleRequest(NULL, Object(Config\Cache), false)
#3 C:\xampp\htdocs\bsit\ci\todo\public\index.php(37): CodeIgniter\CodeIgniter->run()
#4 {main}
CRITICAL - 2021-12-22 00:43:18 --> Class 'App\Models\UserModel' not found
#0 C:\xampp\htdocs\bsit\ci\todo\system\CodeIgniter.php(801): App\Controllers\Auth\Login->__construct()
#1 C:\xampp\htdocs\bsit\ci\todo\system\CodeIgniter.php(401): CodeIgniter\CodeIgniter->createController()
#2 C:\xampp\htdocs\bsit\ci\todo\system\CodeIgniter.php(318): CodeIgniter\CodeIgniter->handleRequest(NULL, Object(Config\Cache), false)
#3 C:\xampp\htdocs\bsit\ci\todo\public\index.php(37): CodeIgniter\CodeIgniter->run()
#4 {main}
CRITICAL - 2021-12-22 00:43:20 --> Class 'App\Models\UserModel' not found
#0 C:\xampp\htdocs\bsit\ci\todo\system\CodeIgniter.php(801): App\Controllers\Auth\Login->__construct()
#1 C:\xampp\htdocs\bsit\ci\todo\system\CodeIgniter.php(401): CodeIgniter\CodeIgniter->createController()
#2 C:\xampp\htdocs\bsit\ci\todo\system\CodeIgniter.php(318): CodeIgniter\CodeIgniter->handleRequest(NULL, Object(Config\Cache), false)
#3 C:\xampp\htdocs\bsit\ci\todo\public\index.php(37): CodeIgniter\CodeIgniter->run()
#4 {main}
CRITICAL - 2021-12-22 00:43:22 --> Class 'App\Models\UserModel' not found
#0 C:\xampp\htdocs\bsit\ci\todo\system\CodeIgniter.php(801): App\Controllers\Auth\Login->__construct()
#1 C:\xampp\htdocs\bsit\ci\todo\system\CodeIgniter.php(401): CodeIgniter\CodeIgniter->createController()
#2 C:\xampp\htdocs\bsit\ci\todo\system\CodeIgniter.php(318): CodeIgniter\CodeIgniter->handleRequest(NULL, Object(Config\Cache), false)
#3 C:\xampp\htdocs\bsit\ci\todo\public\index.php(37): CodeIgniter\CodeIgniter->run()
#4 {main}
CRITICAL - 2021-12-22 00:43:23 --> Class 'App\Models\UserModel' not found
#0 C:\xampp\htdocs\bsit\ci\todo\system\CodeIgniter.php(801): App\Controllers\Auth\Login->__construct()
#1 C:\xampp\htdocs\bsit\ci\todo\system\CodeIgniter.php(401): CodeIgniter\CodeIgniter->createController()
#2 C:\xampp\htdocs\bsit\ci\todo\system\CodeIgniter.php(318): CodeIgniter\CodeIgniter->handleRequest(NULL, Object(Config\Cache), false)
#3 C:\xampp\htdocs\bsit\ci\todo\public\index.php(37): CodeIgniter\CodeIgniter->run()
#4 {main}
CRITICAL - 2021-12-22 00:43:29 --> Class 'App\Models\UserModel' not found
#0 C:\xampp\htdocs\bsit\ci\todo\system\CodeIgniter.php(801): App\Controllers\Auth\Login->__construct()
#1 C:\xampp\htdocs\bsit\ci\todo\system\CodeIgniter.php(401): CodeIgniter\CodeIgniter->createController()
#2 C:\xampp\htdocs\bsit\ci\todo\system\CodeIgniter.php(318): CodeIgniter\CodeIgniter->handleRequest(NULL, Object(Config\Cache), false)
#3 C:\xampp\htdocs\bsit\ci\todo\public\index.php(37): CodeIgniter\CodeIgniter->run()
#4 {main}
CRITICAL - 2021-12-22 00:43:44 --> Class 'App\Models\UserModel' not found
#0 C:\xampp\htdocs\bsit\ci\todo\system\CodeIgniter.php(801): App\Controllers\Auth\Login->__construct()
#1 C:\xampp\htdocs\bsit\ci\todo\system\CodeIgniter.php(401): CodeIgniter\CodeIgniter->createController()
#2 C:\xampp\htdocs\bsit\ci\todo\system\CodeIgniter.php(318): CodeIgniter\CodeIgniter->handleRequest(NULL, Object(Config\Cache), false)
#3 C:\xampp\htdocs\bsit\ci\todo\public\index.php(37): CodeIgniter\CodeIgniter->run()
#4 {main}
CRITICAL - 2021-12-22 00:44:58 --> Class 'App\Models\UserModel' not found
#0 C:\xampp\htdocs\bsit\ci\todo\system\CodeIgniter.php(801): App\Controllers\Auth\Login2->__construct()
#1 C:\xampp\htdocs\bsit\ci\todo\system\CodeIgniter.php(401): CodeIgniter\CodeIgniter->createController()
#2 C:\xampp\htdocs\bsit\ci\todo\system\CodeIgniter.php(318): CodeIgniter\CodeIgniter->handleRequest(NULL, Object(Config\Cache), false)
#3 C:\xampp\htdocs\bsit\ci\todo\public\index.php(37): CodeIgniter\CodeIgniter->run()
#4 {main}
CRITICAL - 2021-12-22 00:47:24 --> Class 'App\Models\UserModel' not found
#0 C:\xampp\htdocs\bsit\ci\todo\system\CodeIgniter.php(801): App\Controllers\Auth\Login->__construct()
#1 C:\xampp\htdocs\bsit\ci\todo\system\CodeIgniter.php(401): CodeIgniter\CodeIgniter->createController()
#2 C:\xampp\htdocs\bsit\ci\todo\system\CodeIgniter.php(318): CodeIgniter\CodeIgniter->handleRequest(NULL, Object(Config\Cache), false)
#3 C:\xampp\htdocs\bsit\ci\todo\public\index.php(37): CodeIgniter\CodeIgniter->run()
#4 {main}
CRITICAL - 2021-12-22 00:47:46 --> Class 'App\Models\UserModel' not found
#0 C:\xampp\htdocs\bsit\ci\todo\system\CodeIgniter.php(801): App\Controllers\Auth\Login->__construct()
#1 C:\xampp\htdocs\bsit\ci\todo\system\CodeIgniter.php(401): CodeIgniter\CodeIgniter->createController()
#2 C:\xampp\htdocs\bsit\ci\todo\system\CodeIgniter.php(318): CodeIgniter\CodeIgniter->handleRequest(NULL, Object(Config\Cache), false)
#3 C:\xampp\htdocs\bsit\ci\todo\public\index.php(37): CodeIgniter\CodeIgniter->run()
#4 {main}
CRITICAL - 2021-12-22 00:51:30 --> Class 'App\Controllers\Auth\UserModel' not found
#0 C:\xampp\htdocs\bsit\ci\todo\system\CodeIgniter.php(801): App\Controllers\Auth\Login->__construct()
#1 C:\xampp\htdocs\bsit\ci\todo\system\CodeIgniter.php(401): CodeIgniter\CodeIgniter->createController()
#2 C:\xampp\htdocs\bsit\ci\todo\system\CodeIgniter.php(318): CodeIgniter\CodeIgniter->handleRequest(NULL, Object(Config\Cache), false)
#3 C:\xampp\htdocs\bsit\ci\todo\public\index.php(37): CodeIgniter\CodeIgniter->run()
#4 {main}
CRITICAL - 2021-12-22 00:51:31 --> Class 'App\Controllers\Auth\UserModel' not found
#0 C:\xampp\htdocs\bsit\ci\todo\system\CodeIgniter.php(801): App\Controllers\Auth\Login->__construct()
#1 C:\xampp\htdocs\bsit\ci\todo\system\CodeIgniter.php(401): CodeIgniter\CodeIgniter->createController()
#2 C:\xampp\htdocs\bsit\ci\todo\system\CodeIgniter.php(318): CodeIgniter\CodeIgniter->handleRequest(NULL, Object(Config\Cache), false)
#3 C:\xampp\htdocs\bsit\ci\todo\public\index.php(37): CodeIgniter\CodeIgniter->run()
#4 {main}
CRITICAL - 2021-12-22 00:53:16 --> Class 'App\Controllers\Auth\UserModel' not found
#0 C:\xampp\htdocs\bsit\ci\todo\system\CodeIgniter.php(801): App\Controllers\Auth\Login->__construct()
#1 C:\xampp\htdocs\bsit\ci\todo\system\CodeIgniter.php(401): CodeIgniter\CodeIgniter->createController()
#2 C:\xampp\htdocs\bsit\ci\todo\system\CodeIgniter.php(318): CodeIgniter\CodeIgniter->handleRequest(NULL, Object(Config\Cache), false)
#3 C:\xampp\htdocs\bsit\ci\todo\public\index.php(37): CodeIgniter\CodeIgniter->run()
#4 {main}
CRITICAL - 2021-12-22 00:53:17 --> Class 'App\Controllers\Auth\UserModel' not found
#0 C:\xampp\htdocs\bsit\ci\todo\system\CodeIgniter.php(801): App\Controllers\Auth\Login->__construct()
#1 C:\xampp\htdocs\bsit\ci\todo\system\CodeIgniter.php(401): CodeIgniter\CodeIgniter->createController()
#2 C:\xampp\htdocs\bsit\ci\todo\system\CodeIgniter.php(318): CodeIgniter\CodeIgniter->handleRequest(NULL, Object(Config\Cache), false)
#3 C:\xampp\htdocs\bsit\ci\todo\public\index.php(37): CodeIgniter\CodeIgniter->run()
#4 {main}
CRITICAL - 2021-12-22 00:55:36 --> Undefined index: username
#0 C:\xampp\htdocs\bsit\ci\todo\app\Controllers\Auth\Login.php(81): CodeIgniter\Debug\Exceptions->errorHandler(8, 'Undefined index...', 'C:\\xampp\\htdocs...', 81, Array)
#1 C:\xampp\htdocs\bsit\ci\todo\system\CodeIgniter.php(824): App\Controllers\Auth\Login->loginproses()
#2 C:\xampp\htdocs\bsit\ci\todo\system\CodeIgniter.php(410): CodeIgniter\CodeIgniter->runController(Object(App\Controllers\Auth\Login))
#3 C:\xampp\htdocs\bsit\ci\todo\system\CodeIgniter.php(318): CodeIgniter\CodeIgniter->handleRequest(NULL, Object(Config\Cache), false)
#4 C:\xampp\htdocs\bsit\ci\todo\public\index.php(37): CodeIgniter\CodeIgniter->run()
#5 {main}
CRITICAL - 2021-12-22 01:18:53 --> Class 'App\Controllers\Admin\Controller' not found
#0 C:\xampp\htdocs\bsit\ci\todo\system\Autoloader\Autoloader.php(264): include_once()
#1 C:\xampp\htdocs\bsit\ci\todo\system\Autoloader\Autoloader.php(241): CodeIgniter\Autoloader\Autoloader->includeFile('C:\\xampp\\htdocs...')
#2 C:\xampp\htdocs\bsit\ci\todo\system\Autoloader\Autoloader.php(219): CodeIgniter\Autoloader\Autoloader->loadInNamespace('App\\Controllers...')
#3 [internal function]: CodeIgniter\Autoloader\Autoloader->loadClass('App\\Controllers...')
#4 [internal function]: spl_autoload_call('App\\Controllers...')
#5 C:\xampp\htdocs\bsit\ci\todo\system\CodeIgniter.php(789): class_exists('\\App\\Controller...', true)
#6 C:\xampp\htdocs\bsit\ci\todo\system\CodeIgniter.php(397): CodeIgniter\CodeIgniter->startController()
#7 C:\xampp\htdocs\bsit\ci\todo\system\CodeIgniter.php(318): CodeIgniter\CodeIgniter->handleRequest(NULL, Object(Config\Cache), false)
#8 C:\xampp\htdocs\bsit\ci\todo\public\index.php(37): CodeIgniter\CodeIgniter->run()
#9 {main}
CRITICAL - 2021-12-22 01:19:25 --> Class 'App\Controllers\Admin\Controller' not found
#0 C:\xampp\htdocs\bsit\ci\todo\system\Autoloader\Autoloader.php(264): include_once()
#1 C:\xampp\htdocs\bsit\ci\todo\system\Autoloader\Autoloader.php(241): CodeIgniter\Autoloader\Autoloader->includeFile('C:\\xampp\\htdocs...')
#2 C:\xampp\htdocs\bsit\ci\todo\system\Autoloader\Autoloader.php(219): CodeIgniter\Autoloader\Autoloader->loadInNamespace('App\\Controllers...')
#3 [internal function]: CodeIgniter\Autoloader\Autoloader->loadClass('App\\Controllers...')
#4 [internal function]: spl_autoload_call('App\\Controllers...')
#5 C:\xampp\htdocs\bsit\ci\todo\system\CodeIgniter.php(789): class_exists('\\App\\Controller...', true)
#6 C:\xampp\htdocs\bsit\ci\todo\system\CodeIgniter.php(397): CodeIgniter\CodeIgniter->startController()
#7 C:\xampp\htdocs\bsit\ci\todo\system\CodeIgniter.php(318): CodeIgniter\CodeIgniter->handleRequest(NULL, Object(Config\Cache), false)
#8 C:\xampp\htdocs\bsit\ci\todo\public\index.php(37): CodeIgniter\CodeIgniter->run()
#9 {main}
CRITICAL - 2021-12-22 01:22:05 --> Class 'App\Controllers\Admin\Controller' not found
#0 C:\xampp\htdocs\bsit\ci\todo\system\Autoloader\Autoloader.php(264): include_once()
#1 C:\xampp\htdocs\bsit\ci\todo\system\Autoloader\Autoloader.php(241): CodeIgniter\Autoloader\Autoloader->includeFile('C:\\xampp\\htdocs...')
#2 C:\xampp\htdocs\bsit\ci\todo\system\Autoloader\Autoloader.php(219): CodeIgniter\Autoloader\Autoloader->loadInNamespace('App\\Controllers...')
#3 [internal function]: CodeIgniter\Autoloader\Autoloader->loadClass('App\\Controllers...')
#4 [internal function]: spl_autoload_call('App\\Controllers...')
#5 C:\xampp\htdocs\bsit\ci\todo\system\CodeIgniter.php(789): class_exists('\\App\\Controller...', true)
#6 C:\xampp\htdocs\bsit\ci\todo\system\CodeIgniter.php(397): CodeIgniter\CodeIgniter->startController()
#7 C:\xampp\htdocs\bsit\ci\todo\system\CodeIgniter.php(318): CodeIgniter\CodeIgniter->handleRequest(NULL, Object(Config\Cache), false)
#8 C:\xampp\htdocs\bsit\ci\todo\public\index.php(37): CodeIgniter\CodeIgniter->run()
#9 {main}
CRITICAL - 2021-12-22 02:10:36 --> Undefined property: App\Controllers\Admin\User::$validation
#0 C:\xampp\htdocs\bsit\ci\todo\app\Controllers\Admin\User.php(37): CodeIgniter\Debug\Exceptions->errorHandler(8, 'Undefined prope...', 'C:\\xampp\\htdocs...', 37, Array)
#1 C:\xampp\htdocs\bsit\ci\todo\system\CodeIgniter.php(824): App\Controllers\Admin\User->prosesSimpan()
#2 C:\xampp\htdocs\bsit\ci\todo\system\CodeIgniter.php(410): CodeIgniter\CodeIgniter->runController(Object(App\Controllers\Admin\User))
#3 C:\xampp\htdocs\bsit\ci\todo\system\CodeIgniter.php(318): CodeIgniter\CodeIgniter->handleRequest(NULL, Object(Config\Cache), false)
#4 C:\xampp\htdocs\bsit\ci\todo\public\index.php(37): CodeIgniter\CodeIgniter->run()
#5 {main}
CRITICAL - 2021-12-22 02:10:41 --> Undefined property: App\Controllers\Admin\User::$validation
#0 C:\xampp\htdocs\bsit\ci\todo\app\Controllers\Admin\User.php(37): CodeIgniter\Debug\Exceptions->errorHandler(8, 'Undefined prope...', 'C:\\xampp\\htdocs...', 37, Array)
#1 C:\xampp\htdocs\bsit\ci\todo\system\CodeIgniter.php(824): App\Controllers\Admin\User->prosesSimpan()
#2 C:\xampp\htdocs\bsit\ci\todo\system\CodeIgniter.php(410): CodeIgniter\CodeIgniter->runController(Object(App\Controllers\Admin\User))
#3 C:\xampp\htdocs\bsit\ci\todo\system\CodeIgniter.php(318): CodeIgniter\CodeIgniter->handleRequest(NULL, Object(Config\Cache), false)
#4 C:\xampp\htdocs\bsit\ci\todo\public\index.php(37): CodeIgniter\CodeIgniter->run()
#5 {main}
CRITICAL - 2021-12-22 02:20:14 --> Undefined property: App\Controllers\Admin\User::$validation
#0 C:\xampp\htdocs\bsit\ci\todo\app\Controllers\Admin\User.php(45): CodeIgniter\Debug\Exceptions->errorHandler(8, 'Undefined prope...', 'C:\\xampp\\htdocs...', 45, Array)
#1 C:\xampp\htdocs\bsit\ci\todo\system\CodeIgniter.php(824): App\Controllers\Admin\User->prosesSimpan()
#2 C:\xampp\htdocs\bsit\ci\todo\system\CodeIgniter.php(410): CodeIgniter\CodeIgniter->runController(Object(App\Controllers\Admin\User))
#3 C:\xampp\htdocs\bsit\ci\todo\system\CodeIgniter.php(318): CodeIgniter\CodeIgniter->handleRequest(NULL, Object(Config\Cache), false)
#4 C:\xampp\htdocs\bsit\ci\todo\public\index.php(37): CodeIgniter\CodeIgniter->run()
#5 {main}
CRITICAL - 2021-12-22 02:20:18 --> Undefined property: App\Controllers\Admin\User::$validation
#0 C:\xampp\htdocs\bsit\ci\todo\app\Controllers\Admin\User.php(45): CodeIgniter\Debug\Exceptions->errorHandler(8, 'Undefined prope...', 'C:\\xampp\\htdocs...', 45, Array)
#1 C:\xampp\htdocs\bsit\ci\todo\system\CodeIgniter.php(824): App\Controllers\Admin\User->prosesSimpan()
#2 C:\xampp\htdocs\bsit\ci\todo\system\CodeIgniter.php(410): CodeIgniter\CodeIgniter->runController(Object(App\Controllers\Admin\User))
#3 C:\xampp\htdocs\bsit\ci\todo\system\CodeIgniter.php(318): CodeIgniter\CodeIgniter->handleRequest(NULL, Object(Config\Cache), false)
#4 C:\xampp\htdocs\bsit\ci\todo\public\index.php(37): CodeIgniter\CodeIgniter->run()
#5 {main}
CRITICAL - 2021-12-22 02:25:08 --> Undefined property: App\Controllers\Admin\User::$validation
#0 C:\xampp\htdocs\bsit\ci\todo\app\Controllers\Admin\User.php(45): CodeIgniter\Debug\Exceptions->errorHandler(8, 'Undefined prope...', 'C:\\xampp\\htdocs...', 45, Array)
#1 C:\xampp\htdocs\bsit\ci\todo\system\CodeIgniter.php(824): App\Controllers\Admin\User->prosesSimpan()
#2 C:\xampp\htdocs\bsit\ci\todo\system\CodeIgniter.php(410): CodeIgniter\CodeIgniter->runController(Object(App\Controllers\Admin\User))
#3 C:\xampp\htdocs\bsit\ci\todo\system\CodeIgniter.php(318): CodeIgniter\CodeIgniter->handleRequest(NULL, Object(Config\Cache), false)
#4 C:\xampp\htdocs\bsit\ci\todo\public\index.php(37): CodeIgniter\CodeIgniter->run()
#5 {main}
CRITICAL - 2021-12-22 02:27:01 --> Undefined property: App\Controllers\Admin\User::$validation
#0 C:\xampp\htdocs\bsit\ci\todo\app\Controllers\Admin\User.php(45): CodeIgniter\Debug\Exceptions->errorHandler(8, 'Undefined prope...', 'C:\\xampp\\htdocs...', 45, Array)
#1 C:\xampp\htdocs\bsit\ci\todo\system\CodeIgniter.php(824): App\Controllers\Admin\User->prosesSimpan()
#2 C:\xampp\htdocs\bsit\ci\todo\system\CodeIgniter.php(410): CodeIgniter\CodeIgniter->runController(Object(App\Controllers\Admin\User))
#3 C:\xampp\htdocs\bsit\ci\todo\system\CodeIgniter.php(318): CodeIgniter\CodeIgniter->handleRequest(NULL, Object(Config\Cache), false)
#4 C:\xampp\htdocs\bsit\ci\todo\public\index.php(37): CodeIgniter\CodeIgniter->run()
#5 {main}
CRITICAL - 2021-12-22 02:27:19 --> Undefined property: App\Controllers\Admin\User::$validation
#0 C:\xampp\htdocs\bsit\ci\todo\app\Controllers\Admin\User.php(45): CodeIgniter\Debug\Exceptions->errorHandler(8, 'Undefined prope...', 'C:\\xampp\\htdocs...', 45, Array)
#1 C:\xampp\htdocs\bsit\ci\todo\system\CodeIgniter.php(824): App\Controllers\Admin\User->prosesSimpan()
#2 C:\xampp\htdocs\bsit\ci\todo\system\CodeIgniter.php(410): CodeIgniter\CodeIgniter->runController(Object(App\Controllers\Admin\User))
#3 C:\xampp\htdocs\bsit\ci\todo\system\CodeIgniter.php(318): CodeIgniter\CodeIgniter->handleRequest(NULL, Object(Config\Cache), false)
#4 C:\xampp\htdocs\bsit\ci\todo\public\index.php(37): CodeIgniter\CodeIgniter->run()
#5 {main}
CRITICAL - 2021-12-22 20:21:09 --> Undefined variable: fullname
#0 C:\xampp\htdocs\bsit\ci\todo\app\Views\Admin\User\vUser.php(42): CodeIgniter\Debug\Exceptions->errorHandler(8, 'Undefined varia...', 'C:\\xampp\\htdocs...', 42, Array)
#1 C:\xampp\htdocs\bsit\ci\todo\system\View\View.php(214): include('C:\\xampp\\htdocs...')
#2 C:\xampp\htdocs\bsit\ci\todo\system\View\View.php(217): CodeIgniter\View\View->CodeIgniter\View\{closure}()
#3 C:\xampp\htdocs\bsit\ci\todo\system\Common.php(1097): CodeIgniter\View\View->render('Admin/User/vUse...', Array, true)
#4 C:\xampp\htdocs\bsit\ci\todo\app\Views\template\content.php(24): view('Admin/User/vUse...')
#5 C:\xampp\htdocs\bsit\ci\todo\system\View\View.php(214): include('C:\\xampp\\htdocs...')
#6 C:\xampp\htdocs\bsit\ci\todo\system\View\View.php(217): CodeIgniter\View\View->CodeIgniter\View\{closure}()
#7 C:\xampp\htdocs\bsit\ci\todo\system\Common.php(1097): CodeIgniter\View\View->render('template/conten...', Array, true)
#8 C:\xampp\htdocs\bsit\ci\todo\app\Views\template\index.php(5): view('template/conten...')
#9 C:\xampp\htdocs\bsit\ci\todo\system\View\View.php(214): include('C:\\xampp\\htdocs...')
#10 C:\xampp\htdocs\bsit\ci\todo\system\View\View.php(217): CodeIgniter\View\View->CodeIgniter\View\{closure}()
#11 C:\xampp\htdocs\bsit\ci\todo\system\Common.php(1097): CodeIgniter\View\View->render('template/index....', Array, true)
#12 C:\xampp\htdocs\bsit\ci\todo\app\Controllers\Admin\User.php(41): view('template/index....', Array)
#13 C:\xampp\htdocs\bsit\ci\todo\system\CodeIgniter.php(824): App\Controllers\Admin\User->index()
#14 C:\xampp\htdocs\bsit\ci\todo\system\CodeIgniter.php(410): CodeIgniter\CodeIgniter->runController(Object(App\Controllers\Admin\User))
#15 C:\xampp\htdocs\bsit\ci\todo\system\CodeIgniter.php(318): CodeIgniter\CodeIgniter->handleRequest(NULL, Object(Config\Cache), false)
#16 C:\xampp\htdocs\bsit\ci\todo\public\index.php(37): CodeIgniter\CodeIgniter->run()
#17 {main}
CRITICAL - 2021-12-22 20:21:10 --> Undefined variable: fullname
#0 C:\xampp\htdocs\bsit\ci\todo\app\Views\Admin\User\vUser.php(42): CodeIgniter\Debug\Exceptions->errorHandler(8, 'Undefined varia...', 'C:\\xampp\\htdocs...', 42, Array)
#1 C:\xampp\htdocs\bsit\ci\todo\system\View\View.php(214): include('C:\\xampp\\htdocs...')
#2 C:\xampp\htdocs\bsit\ci\todo\system\View\View.php(217): CodeIgniter\View\View->CodeIgniter\View\{closure}()
#3 C:\xampp\htdocs\bsit\ci\todo\system\Common.php(1097): CodeIgniter\View\View->render('Admin/User/vUse...', Array, true)
#4 C:\xampp\htdocs\bsit\ci\todo\app\Views\template\content.php(24): view('Admin/User/vUse...')
#5 C:\xampp\htdocs\bsit\ci\todo\system\View\View.php(214): include('C:\\xampp\\htdocs...')
#6 C:\xampp\htdocs\bsit\ci\todo\system\View\View.php(217): CodeIgniter\View\View->CodeIgniter\View\{closure}()
#7 C:\xampp\htdocs\bsit\ci\todo\system\Common.php(1097): CodeIgniter\View\View->render('template/conten...', Array, true)
#8 C:\xampp\htdocs\bsit\ci\todo\app\Views\template\index.php(5): view('template/conten...')
#9 C:\xampp\htdocs\bsit\ci\todo\system\View\View.php(214): include('C:\\xampp\\htdocs...')
#10 C:\xampp\htdocs\bsit\ci\todo\system\View\View.php(217): CodeIgniter\View\View->CodeIgniter\View\{closure}()
#11 C:\xampp\htdocs\bsit\ci\todo\system\Common.php(1097): CodeIgniter\View\View->render('template/index....', Array, true)
#12 C:\xampp\htdocs\bsit\ci\todo\app\Controllers\Admin\User.php(41): view('template/index....', Array)
#13 C:\xampp\htdocs\bsit\ci\todo\system\CodeIgniter.php(824): App\Controllers\Admin\User->index()
#14 C:\xampp\htdocs\bsit\ci\todo\system\CodeIgniter.php(410): CodeIgniter\CodeIgniter->runController(Object(App\Controllers\Admin\User))
#15 C:\xampp\htdocs\bsit\ci\todo\system\CodeIgniter.php(318): CodeIgniter\CodeIgniter->handleRequest(NULL, Object(Config\Cache), false)
#16 C:\xampp\htdocs\bsit\ci\todo\public\index.php(37): CodeIgniter\CodeIgniter->run()
#17 {main}
CRITICAL - 2021-12-22 20:21:29 --> Undefined variable: fullname
#0 C:\xampp\htdocs\bsit\ci\todo\app\Views\Admin\User\vUser.php(42): CodeIgniter\Debug\Exceptions->errorHandler(8, 'Undefined varia...', 'C:\\xampp\\htdocs...', 42, Array)
#1 C:\xampp\htdocs\bsit\ci\todo\system\View\View.php(214): include('C:\\xampp\\htdocs...')
#2 C:\xampp\htdocs\bsit\ci\todo\system\View\View.php(217): CodeIgniter\View\View->CodeIgniter\View\{closure}()
#3 C:\xampp\htdocs\bsit\ci\todo\system\Common.php(1097): CodeIgniter\View\View->render('Admin/User/vUse...', Array, true)
#4 C:\xampp\htdocs\bsit\ci\todo\app\Views\template\content.php(24): view('Admin/User/vUse...')
#5 C:\xampp\htdocs\bsit\ci\todo\system\View\View.php(214): include('C:\\xampp\\htdocs...')
#6 C:\xampp\htdocs\bsit\ci\todo\system\View\View.php(217): CodeIgniter\View\View->CodeIgniter\View\{closure}()
#7 C:\xampp\htdocs\bsit\ci\todo\system\Common.php(1097): CodeIgniter\View\View->render('template/conten...', Array, true)
#8 C:\xampp\htdocs\bsit\ci\todo\app\Views\template\index.php(5): view('template/conten...')
#9 C:\xampp\htdocs\bsit\ci\todo\system\View\View.php(214): include('C:\\xampp\\htdocs...')
#10 C:\xampp\htdocs\bsit\ci\todo\system\View\View.php(217): CodeIgniter\View\View->CodeIgniter\View\{closure}()
#11 C:\xampp\htdocs\bsit\ci\todo\system\Common.php(1097): CodeIgniter\View\View->render('template/index....', Array, true)
#12 C:\xampp\htdocs\bsit\ci\todo\app\Controllers\Admin\User.php(41): view('template/index....', Array)
#13 C:\xampp\htdocs\bsit\ci\todo\system\CodeIgniter.php(824): App\Controllers\Admin\User->index()
#14 C:\xampp\htdocs\bsit\ci\todo\system\CodeIgniter.php(410): CodeIgniter\CodeIgniter->runController(Object(App\Controllers\Admin\User))
#15 C:\xampp\htdocs\bsit\ci\todo\system\CodeIgniter.php(318): CodeIgniter\CodeIgniter->handleRequest(NULL, Object(Config\Cache), false)
#16 C:\xampp\htdocs\bsit\ci\todo\public\index.php(37): CodeIgniter\CodeIgniter->run()
#17 {main}
CRITICAL - 2021-12-22 20:21:30 --> Undefined variable: fullname
#0 C:\xampp\htdocs\bsit\ci\todo\app\Views\Admin\User\vUser.php(42): CodeIgniter\Debug\Exceptions->errorHandler(8, 'Undefined varia...', 'C:\\xampp\\htdocs...', 42, Array)
#1 C:\xampp\htdocs\bsit\ci\todo\system\View\View.php(214): include('C:\\xampp\\htdocs...')
#2 C:\xampp\htdocs\bsit\ci\todo\system\View\View.php(217): CodeIgniter\View\View->CodeIgniter\View\{closure}()
#3 C:\xampp\htdocs\bsit\ci\todo\system\Common.php(1097): CodeIgniter\View\View->render('Admin/User/vUse...', Array, true)
#4 C:\xampp\htdocs\bsit\ci\todo\app\Views\template\content.php(24): view('Admin/User/vUse...')
#5 C:\xampp\htdocs\bsit\ci\todo\system\View\View.php(214): include('C:\\xampp\\htdocs...')
#6 C:\xampp\htdocs\bsit\ci\todo\system\View\View.php(217): CodeIgniter\View\View->CodeIgniter\View\{closure}()
#7 C:\xampp\htdocs\bsit\ci\todo\system\Common.php(1097): CodeIgniter\View\View->render('template/conten...', Array, true)
#8 C:\xampp\htdocs\bsit\ci\todo\app\Views\template\index.php(5): view('template/conten...')
#9 C:\xampp\htdocs\bsit\ci\todo\system\View\View.php(214): include('C:\\xampp\\htdocs...')
#10 C:\xampp\htdocs\bsit\ci\todo\system\View\View.php(217): CodeIgniter\View\View->CodeIgniter\View\{closure}()
#11 C:\xampp\htdocs\bsit\ci\todo\system\Common.php(1097): CodeIgniter\View\View->render('template/index....', Array, true)
#12 C:\xampp\htdocs\bsit\ci\todo\app\Controllers\Admin\User.php(41): view('template/index....', Array)
#13 C:\xampp\htdocs\bsit\ci\todo\system\CodeIgniter.php(824): App\Controllers\Admin\User->index()
#14 C:\xampp\htdocs\bsit\ci\todo\system\CodeIgniter.php(410): CodeIgniter\CodeIgniter->runController(Object(App\Controllers\Admin\User))
#15 C:\xampp\htdocs\bsit\ci\todo\system\CodeIgniter.php(318): CodeIgniter\CodeIgniter->handleRequest(NULL, Object(Config\Cache), false)
#16 C:\xampp\htdocs\bsit\ci\todo\public\index.php(37): CodeIgniter\CodeIgniter->run()
#17 {main}
CRITICAL - 2021-12-22 20:21:36 --> Undefined variable: fullname
#0 C:\xampp\htdocs\bsit\ci\todo\app\Views\Admin\User\vUser.php(42): CodeIgniter\Debug\Exceptions->errorHandler(8, 'Undefined varia...', 'C:\\xampp\\htdocs...', 42, Array)
#1 C:\xampp\htdocs\bsit\ci\todo\system\View\View.php(214): include('C:\\xampp\\htdocs...')
#2 C:\xampp\htdocs\bsit\ci\todo\system\View\View.php(217): CodeIgniter\View\View->CodeIgniter\View\{closure}()
#3 C:\xampp\htdocs\bsit\ci\todo\system\Common.php(1097): CodeIgniter\View\View->render('Admin/User/vUse...', Array, true)
#4 C:\xampp\htdocs\bsit\ci\todo\app\Views\template\content.php(24): view('Admin/User/vUse...')
#5 C:\xampp\htdocs\bsit\ci\todo\system\View\View.php(214): include('C:\\xampp\\htdocs...')
#6 C:\xampp\htdocs\bsit\ci\todo\system\View\View.php(217): CodeIgniter\View\View->CodeIgniter\View\{closure}()
#7 C:\xampp\htdocs\bsit\ci\todo\system\Common.php(1097): CodeIgniter\View\View->render('template/conten...', Array, true)
#8 C:\xampp\htdocs\bsit\ci\todo\app\Views\template\index.php(5): view('template/conten...')
#9 C:\xampp\htdocs\bsit\ci\todo\system\View\View.php(214): include('C:\\xampp\\htdocs...')
#10 C:\xampp\htdocs\bsit\ci\todo\system\View\View.php(217): CodeIgniter\View\View->CodeIgniter\View\{closure}()
#11 C:\xampp\htdocs\bsit\ci\todo\system\Common.php(1097): CodeIgniter\View\View->render('template/index....', Array, true)
#12 C:\xampp\htdocs\bsit\ci\todo\app\Controllers\Admin\User.php(41): view('template/index....', Array)
#13 C:\xampp\htdocs\bsit\ci\todo\system\CodeIgniter.php(824): App\Controllers\Admin\User->index()
#14 C:\xampp\htdocs\bsit\ci\todo\system\CodeIgniter.php(410): CodeIgniter\CodeIgniter->runController(Object(App\Controllers\Admin\User))
#15 C:\xampp\htdocs\bsit\ci\todo\system\CodeIgniter.php(318): CodeIgniter\CodeIgniter->handleRequest(NULL, Object(Config\Cache), false)
#16 C:\xampp\htdocs\bsit\ci\todo\public\index.php(37): CodeIgniter\CodeIgniter->run()
#17 {main}
CRITICAL - 2021-12-22 20:25:18 --> Undefined variable: fullname
#0 C:\xampp\htdocs\bsit\ci\todo\app\Views\Admin\User\vUser.php(52): CodeIgniter\Debug\Exceptions->errorHandler(8, 'Undefined varia...', 'C:\\xampp\\htdocs...', 52, Array)
#1 C:\xampp\htdocs\bsit\ci\todo\system\View\View.php(214): include('C:\\xampp\\htdocs...')
#2 C:\xampp\htdocs\bsit\ci\todo\system\View\View.php(217): CodeIgniter\View\View->CodeIgniter\View\{closure}()
#3 C:\xampp\htdocs\bsit\ci\todo\system\Common.php(1097): CodeIgniter\View\View->render('Admin/User/vUse...', Array, true)
#4 C:\xampp\htdocs\bsit\ci\todo\app\Views\template\content.php(24): view('Admin/User/vUse...')
#5 C:\xampp\htdocs\bsit\ci\todo\system\View\View.php(214): include('C:\\xampp\\htdocs...')
#6 C:\xampp\htdocs\bsit\ci\todo\system\View\View.php(217): CodeIgniter\View\View->CodeIgniter\View\{closure}()
#7 C:\xampp\htdocs\bsit\ci\todo\system\Common.php(1097): CodeIgniter\View\View->render('template/conten...', Array, true)
#8 C:\xampp\htdocs\bsit\ci\todo\app\Views\template\index.php(5): view('template/conten...')
#9 C:\xampp\htdocs\bsit\ci\todo\system\View\View.php(214): include('C:\\xampp\\htdocs...')
#10 C:\xampp\htdocs\bsit\ci\todo\system\View\View.php(217): CodeIgniter\View\View->CodeIgniter\View\{closure}()
#11 C:\xampp\htdocs\bsit\ci\todo\system\Common.php(1097): CodeIgniter\View\View->render('template/index....', Array, true)
#12 C:\xampp\htdocs\bsit\ci\todo\app\Controllers\Admin\User.php(41): view('template/index....', Array)
#13 C:\xampp\htdocs\bsit\ci\todo\system\CodeIgniter.php(824): App\Controllers\Admin\User->index()
#14 C:\xampp\htdocs\bsit\ci\todo\system\CodeIgniter.php(410): CodeIgniter\CodeIgniter->runController(Object(App\Controllers\Admin\User))
#15 C:\xampp\htdocs\bsit\ci\todo\system\CodeIgniter.php(318): CodeIgniter\CodeIgniter->handleRequest(NULL, Object(Config\Cache), false)
#16 C:\xampp\htdocs\bsit\ci\todo\public\index.php(37): CodeIgniter\CodeIgniter->run()
#17 {main}
CRITICAL - 2021-12-22 20:25:19 --> Undefined variable: fullname
#0 C:\xampp\htdocs\bsit\ci\todo\app\Views\Admin\User\vUser.php(52): CodeIgniter\Debug\Exceptions->errorHandler(8, 'Undefined varia...', 'C:\\xampp\\htdocs...', 52, Array)
#1 C:\xampp\htdocs\bsit\ci\todo\system\View\View.php(214): include('C:\\xampp\\htdocs...')
#2 C:\xampp\htdocs\bsit\ci\todo\system\View\View.php(217): CodeIgniter\View\View->CodeIgniter\View\{closure}()
#3 C:\xampp\htdocs\bsit\ci\todo\system\Common.php(1097): CodeIgniter\View\View->render('Admin/User/vUse...', Array, true)
#4 C:\xampp\htdocs\bsit\ci\todo\app\Views\template\content.php(24): view('Admin/User/vUse...')
#5 C:\xampp\htdocs\bsit\ci\todo\system\View\View.php(214): include('C:\\xampp\\htdocs...')
#6 C:\xampp\htdocs\bsit\ci\todo\system\View\View.php(217): CodeIgniter\View\View->CodeIgniter\View\{closure}()
#7 C:\xampp\htdocs\bsit\ci\todo\system\Common.php(1097): CodeIgniter\View\View->render('template/conten...', Array, true)
#8 C:\xampp\htdocs\bsit\ci\todo\app\Views\template\index.php(5): view('template/conten...')
#9 C:\xampp\htdocs\bsit\ci\todo\system\View\View.php(214): include('C:\\xampp\\htdocs...')
#10 C:\xampp\htdocs\bsit\ci\todo\system\View\View.php(217): CodeIgniter\View\View->CodeIgniter\View\{closure}()
#11 C:\xampp\htdocs\bsit\ci\todo\system\Common.php(1097): CodeIgniter\View\View->render('template/index....', Array, true)
#12 C:\xampp\htdocs\bsit\ci\todo\app\Controllers\Admin\User.php(41): view('template/index....', Array)
#13 C:\xampp\htdocs\bsit\ci\todo\system\CodeIgniter.php(824): App\Controllers\Admin\User->index()
#14 C:\xampp\htdocs\bsit\ci\todo\system\CodeIgniter.php(410): CodeIgniter\CodeIgniter->runController(Object(App\Controllers\Admin\User))
#15 C:\xampp\htdocs\bsit\ci\todo\system\CodeIgniter.php(318): CodeIgniter\CodeIgniter->handleRequest(NULL, Object(Config\Cache), false)
#16 C:\xampp\htdocs\bsit\ci\todo\public\index.php(37): CodeIgniter\CodeIgniter->run()
#17 {main}
CRITICAL - 2021-12-22 20:25:31 --> Undefined variable: fullname
#0 C:\xampp\htdocs\bsit\ci\todo\app\Views\Admin\User\vUser.php(52): CodeIgniter\Debug\Exceptions->errorHandler(8, 'Undefined varia...', 'C:\\xampp\\htdocs...', 52, Array)
#1 C:\xampp\htdocs\bsit\ci\todo\system\View\View.php(214): include('C:\\xampp\\htdocs...')
#2 C:\xampp\htdocs\bsit\ci\todo\system\View\View.php(217): CodeIgniter\View\View->CodeIgniter\View\{closure}()
#3 C:\xampp\htdocs\bsit\ci\todo\system\Common.php(1097): CodeIgniter\View\View->render('Admin/User/vUse...', Array, true)
#4 C:\xampp\htdocs\bsit\ci\todo\app\Views\template\content.php(24): view('Admin/User/vUse...')
#5 C:\xampp\htdocs\bsit\ci\todo\system\View\View.php(214): include('C:\\xampp\\htdocs...')
#6 C:\xampp\htdocs\bsit\ci\todo\system\View\View.php(217): CodeIgniter\View\View->CodeIgniter\View\{closure}()
#7 C:\xampp\htdocs\bsit\ci\todo\system\Common.php(1097): CodeIgniter\View\View->render('template/conten...', Array, true)
#8 C:\xampp\htdocs\bsit\ci\todo\app\Views\template\index.php(5): view('template/conten...')
#9 C:\xampp\htdocs\bsit\ci\todo\system\View\View.php(214): include('C:\\xampp\\htdocs...')
#10 C:\xampp\htdocs\bsit\ci\todo\system\View\View.php(217): CodeIgniter\View\View->CodeIgniter\View\{closure}()
#11 C:\xampp\htdocs\bsit\ci\todo\system\Common.php(1097): CodeIgniter\View\View->render('template/index....', Array, true)
#12 C:\xampp\htdocs\bsit\ci\todo\app\Controllers\Admin\User.php(41): view('template/index....', Array)
#13 C:\xampp\htdocs\bsit\ci\todo\system\CodeIgniter.php(824): App\Controllers\Admin\User->index()
#14 C:\xampp\htdocs\bsit\ci\todo\system\CodeIgniter.php(410): CodeIgniter\CodeIgniter->runController(Object(App\Controllers\Admin\User))
#15 C:\xampp\htdocs\bsit\ci\todo\system\CodeIgniter.php(318): CodeIgniter\CodeIgniter->handleRequest(NULL, Object(Config\Cache), false)
#16 C:\xampp\htdocs\bsit\ci\todo\public\index.php(37): CodeIgniter\CodeIgniter->run()
#17 {main}
CRITICAL - 2021-12-22 20:48:17 --> Undefined index: name
#0 C:\xampp\htdocs\bsit\ci\todo\app\Controllers\Admin\User.php(84): CodeIgniter\Debug\Exceptions->errorHandler(8, 'Undefined index...', 'C:\\xampp\\htdocs...', 84, Array)
#1 C:\xampp\htdocs\bsit\ci\todo\system\CodeIgniter.php(824): App\Controllers\Admin\User->prosesSimpan()
#2 C:\xampp\htdocs\bsit\ci\todo\system\CodeIgniter.php(410): CodeIgniter\CodeIgniter->runController(Object(App\Controllers\Admin\User))
#3 C:\xampp\htdocs\bsit\ci\todo\system\CodeIgniter.php(318): CodeIgniter\CodeIgniter->handleRequest(NULL, Object(Config\Cache), false)
#4 C:\xampp\htdocs\bsit\ci\todo\public\index.php(37): CodeIgniter\CodeIgniter->run()
#5 {main}
CRITICAL - 2021-12-22 20:51:59 --> Undefined index: name
#0 C:\xampp\htdocs\bsit\ci\todo\app\Controllers\Admin\User.php(84): CodeIgniter\Debug\Exceptions->errorHandler(8, 'Undefined index...', 'C:\\xampp\\htdocs...', 84, Array)
#1 C:\xampp\htdocs\bsit\ci\todo\system\CodeIgniter.php(824): App\Controllers\Admin\User->prosesSimpan()
#2 C:\xampp\htdocs\bsit\ci\todo\system\CodeIgniter.php(410): CodeIgniter\CodeIgniter->runController(Object(App\Controllers\Admin\User))
#3 C:\xampp\htdocs\bsit\ci\todo\system\CodeIgniter.php(318): CodeIgniter\CodeIgniter->handleRequest(NULL, Object(Config\Cache), false)
#4 C:\xampp\htdocs\bsit\ci\todo\public\index.php(37): CodeIgniter\CodeIgniter->run()
#5 {main}
CRITICAL - 2021-12-22 20:53:02 --> Undefined index: name
#0 C:\xampp\htdocs\bsit\ci\todo\app\Controllers\Admin\User.php(84): CodeIgniter\Debug\Exceptions->errorHandler(8, 'Undefined index...', 'C:\\xampp\\htdocs...', 84, Array)
#1 C:\xampp\htdocs\bsit\ci\todo\system\CodeIgniter.php(824): App\Controllers\Admin\User->prosesSimpan()
#2 C:\xampp\htdocs\bsit\ci\todo\system\CodeIgniter.php(410): CodeIgniter\CodeIgniter->runController(Object(App\Controllers\Admin\User))
#3 C:\xampp\htdocs\bsit\ci\todo\system\CodeIgniter.php(318): CodeIgniter\CodeIgniter->handleRequest(NULL, Object(Config\Cache), false)
#4 C:\xampp\htdocs\bsit\ci\todo\public\index.php(37): CodeIgniter\CodeIgniter->run()
#5 {main}
CRITICAL - 2021-12-22 20:53:08 --> Undefined index: name
#0 C:\xampp\htdocs\bsit\ci\todo\app\Controllers\Admin\User.php(84): CodeIgniter\Debug\Exceptions->errorHandler(8, 'Undefined index...', 'C:\\xampp\\htdocs...', 84, Array)
#1 C:\xampp\htdocs\bsit\ci\todo\system\CodeIgniter.php(824): App\Controllers\Admin\User->prosesSimpan()
#2 C:\xampp\htdocs\bsit\ci\todo\system\CodeIgniter.php(410): CodeIgniter\CodeIgniter->runController(Object(App\Controllers\Admin\User))
#3 C:\xampp\htdocs\bsit\ci\todo\system\CodeIgniter.php(318): CodeIgniter\CodeIgniter->handleRequest(NULL, Object(Config\Cache), false)
#4 C:\xampp\htdocs\bsit\ci\todo\public\index.php(37): CodeIgniter\CodeIgniter->run()
#5 {main}
CRITICAL - 2021-12-22 20:56:06 --> Undefined index: name
#0 C:\xampp\htdocs\bsit\ci\todo\app\Controllers\Admin\User.php(84): CodeIgniter\Debug\Exceptions->errorHandler(8, 'Undefined index...', 'C:\\xampp\\htdocs...', 84, Array)
#1 C:\xampp\htdocs\bsit\ci\todo\system\CodeIgniter.php(824): App\Controllers\Admin\User->prosesSimpan()
#2 C:\xampp\htdocs\bsit\ci\todo\system\CodeIgniter.php(410): CodeIgniter\CodeIgniter->runController(Object(App\Controllers\Admin\User))
#3 C:\xampp\htdocs\bsit\ci\todo\system\CodeIgniter.php(318): CodeIgniter\CodeIgniter->handleRequest(NULL, Object(Config\Cache), false)
#4 C:\xampp\htdocs\bsit\ci\todo\public\index.php(37): CodeIgniter\CodeIgniter->run()
#5 {main}
CRITICAL - 2021-12-22 20:56:30 --> Undefined index: name
#0 C:\xampp\htdocs\bsit\ci\todo\app\Controllers\Admin\User.php(84): CodeIgniter\Debug\Exceptions->errorHandler(8, 'Undefined index...', 'C:\\xampp\\htdocs...', 84, Array)
#1 C:\xampp\htdocs\bsit\ci\todo\system\CodeIgniter.php(824): App\Controllers\Admin\User->prosesSimpan()
#2 C:\xampp\htdocs\bsit\ci\todo\system\CodeIgniter.php(410): CodeIgniter\CodeIgniter->runController(Object(App\Controllers\Admin\User))
#3 C:\xampp\htdocs\bsit\ci\todo\system\CodeIgniter.php(318): CodeIgniter\CodeIgniter->handleRequest(NULL, Object(Config\Cache), false)
#4 C:\xampp\htdocs\bsit\ci\todo\public\index.php(37): CodeIgniter\CodeIgniter->run()
#5 {main}
CRITICAL - 2021-12-22 22:17:11 --> Invalid file: Admin/User/vUserList.php
#0 C:\xampp\htdocs\bsit\ci\todo\system\View\View.php(198): CodeIgniter\Exceptions\FrameworkException::forInvalidFile('Admin/User/vUse...')
#1 C:\xampp\htdocs\bsit\ci\todo\system\Common.php(1097): CodeIgniter\View\View->render('Admin/User/vUse...', Array, true)
#2 C:\xampp\htdocs\bsit\ci\todo\app\Views\template\content.php(24): view('Admin/User/vUse...')
#3 C:\xampp\htdocs\bsit\ci\todo\system\View\View.php(214): include('C:\\xampp\\htdocs...')
#4 C:\xampp\htdocs\bsit\ci\todo\system\View\View.php(217): CodeIgniter\View\View->CodeIgniter\View\{closure}()
#5 C:\xampp\htdocs\bsit\ci\todo\system\Common.php(1097): CodeIgniter\View\View->render('template/conten...', Array, true)
#6 C:\xampp\htdocs\bsit\ci\todo\app\Views\template\index.php(5): view('template/conten...')
#7 C:\xampp\htdocs\bsit\ci\todo\system\View\View.php(214): include('C:\\xampp\\htdocs...')
#8 C:\xampp\htdocs\bsit\ci\todo\system\View\View.php(217): CodeIgniter\View\View->CodeIgniter\View\{closure}()
#9 C:\xampp\htdocs\bsit\ci\todo\system\Common.php(1097): CodeIgniter\View\View->render('template/index....', Array, true)
#10 C:\xampp\htdocs\bsit\ci\todo\app\Controllers\Admin\UserController.php(48): view('template/index....', Array)
#11 C:\xampp\htdocs\bsit\ci\todo\system\CodeIgniter.php(824): App\Controllers\Admin\UserController->index()
#12 C:\xampp\htdocs\bsit\ci\todo\system\CodeIgniter.php(410): CodeIgniter\CodeIgniter->runController(Object(App\Controllers\Admin\UserController))
#13 C:\xampp\htdocs\bsit\ci\todo\system\CodeIgniter.php(318): CodeIgniter\CodeIgniter->handleRequest(NULL, Object(Config\Cache), false)
#14 C:\xampp\htdocs\bsit\ci\todo\public\index.php(37): CodeIgniter\CodeIgniter->run()
#15 {main}
CRITICAL - 2021-12-22 22:17:16 --> Invalid file: Admin/User/vUserList.php
#0 C:\xampp\htdocs\bsit\ci\todo\system\View\View.php(198): CodeIgniter\Exceptions\FrameworkException::forInvalidFile('Admin/User/vUse...')
#1 C:\xampp\htdocs\bsit\ci\todo\system\Common.php(1097): CodeIgniter\View\View->render('Admin/User/vUse...', Array, true)
#2 C:\xampp\htdocs\bsit\ci\todo\app\Views\template\content.php(24): view('Admin/User/vUse...')
#3 C:\xampp\htdocs\bsit\ci\todo\system\View\View.php(214): include('C:\\xampp\\htdocs...')
#4 C:\xampp\htdocs\bsit\ci\todo\system\View\View.php(217): CodeIgniter\View\View->CodeIgniter\View\{closure}()
#5 C:\xampp\htdocs\bsit\ci\todo\system\Common.php(1097): CodeIgniter\View\View->render('template/conten...', Array, true)
#6 C:\xampp\htdocs\bsit\ci\todo\app\Views\template\index.php(5): view('template/conten...')
#7 C:\xampp\htdocs\bsit\ci\todo\system\View\View.php(214): include('C:\\xampp\\htdocs...')
#8 C:\xampp\htdocs\bsit\ci\todo\system\View\View.php(217): CodeIgniter\View\View->CodeIgniter\View\{closure}()
#9 C:\xampp\htdocs\bsit\ci\todo\system\Common.php(1097): CodeIgniter\View\View->render('template/index....', Array, true)
#10 C:\xampp\htdocs\bsit\ci\todo\app\Controllers\Admin\UserController.php(48): view('template/index....', Array)
#11 C:\xampp\htdocs\bsit\ci\todo\system\CodeIgniter.php(824): App\Controllers\Admin\UserController->index()
#12 C:\xampp\htdocs\bsit\ci\todo\system\CodeIgniter.php(410): CodeIgniter\CodeIgniter->runController(Object(App\Controllers\Admin\UserController))
#13 C:\xampp\htdocs\bsit\ci\todo\system\CodeIgniter.php(318): CodeIgniter\CodeIgniter->handleRequest(NULL, Object(Config\Cache), false)
#14 C:\xampp\htdocs\bsit\ci\todo\public\index.php(37): CodeIgniter\CodeIgniter->run()
#15 {main}
CRITICAL - 2021-12-22 22:18:06 --> Invalid file: Admin/User/vUserList.php
#0 C:\xampp\htdocs\bsit\ci\todo\system\View\View.php(198): CodeIgniter\Exceptions\FrameworkException::forInvalidFile('Admin/User/vUse...')
#1 C:\xampp\htdocs\bsit\ci\todo\system\Common.php(1097): CodeIgniter\View\View->render('Admin/User/vUse...', Array, true)
#2 C:\xampp\htdocs\bsit\ci\todo\app\Views\template\content.php(24): view('Admin/User/vUse...')
#3 C:\xampp\htdocs\bsit\ci\todo\system\View\View.php(214): include('C:\\xampp\\htdocs...')
#4 C:\xampp\htdocs\bsit\ci\todo\system\View\View.php(217): CodeIgniter\View\View->CodeIgniter\View\{closure}()
#5 C:\xampp\htdocs\bsit\ci\todo\system\Common.php(1097): CodeIgniter\View\View->render('template/conten...', Array, true)
#6 C:\xampp\htdocs\bsit\ci\todo\app\Views\template\index.php(5): view('template/conten...')
#7 C:\xampp\htdocs\bsit\ci\todo\system\View\View.php(214): include('C:\\xampp\\htdocs...')
#8 C:\xampp\htdocs\bsit\ci\todo\system\View\View.php(217): CodeIgniter\View\View->CodeIgniter\View\{closure}()
#9 C:\xampp\htdocs\bsit\ci\todo\system\Common.php(1097): CodeIgniter\View\View->render('template/index....', Array, true)
#10 C:\xampp\htdocs\bsit\ci\todo\app\Controllers\Admin\UserController.php(48): view('template/index....', Array)
#11 C:\xampp\htdocs\bsit\ci\todo\system\CodeIgniter.php(824): App\Controllers\Admin\UserController->index()
#12 C:\xampp\htdocs\bsit\ci\todo\system\CodeIgniter.php(410): CodeIgniter\CodeIgniter->runController(Object(App\Controllers\Admin\UserController))
#13 C:\xampp\htdocs\bsit\ci\todo\system\CodeIgniter.php(318): CodeIgniter\CodeIgniter->handleRequest(NULL, Object(Config\Cache), false)
#14 C:\xampp\htdocs\bsit\ci\todo\public\index.php(37): CodeIgniter\CodeIgniter->run()
#15 {main}
CRITICAL - 2021-12-22 22:18:09 --> Invalid file: Admin/User/vUserList.php
#0 C:\xampp\htdocs\bsit\ci\todo\system\View\View.php(198): CodeIgniter\Exceptions\FrameworkException::forInvalidFile('Admin/User/vUse...')
#1 C:\xampp\htdocs\bsit\ci\todo\system\Common.php(1097): CodeIgniter\View\View->render('Admin/User/vUse...', Array, true)
#2 C:\xampp\htdocs\bsit\ci\todo\app\Views\template\content.php(24): view('Admin/User/vUse...')
#3 C:\xampp\htdocs\bsit\ci\todo\system\View\View.php(214): include('C:\\xampp\\htdocs...')
#4 C:\xampp\htdocs\bsit\ci\todo\system\View\View.php(217): CodeIgniter\View\View->CodeIgniter\View\{closure}()
#5 C:\xampp\htdocs\bsit\ci\todo\system\Common.php(1097): CodeIgniter\View\View->render('template/conten...', Array, true)
#6 C:\xampp\htdocs\bsit\ci\todo\app\Views\template\index.php(5): view('template/conten...')
#7 C:\xampp\htdocs\bsit\ci\todo\system\View\View.php(214): include('C:\\xampp\\htdocs...')
#8 C:\xampp\htdocs\bsit\ci\todo\system\View\View.php(217): CodeIgniter\View\View->CodeIgniter\View\{closure}()
#9 C:\xampp\htdocs\bsit\ci\todo\system\Common.php(1097): CodeIgniter\View\View->render('template/index....', Array, true)
#10 C:\xampp\htdocs\bsit\ci\todo\app\Controllers\Admin\UserController.php(48): view('template/index....', Array)
#11 C:\xampp\htdocs\bsit\ci\todo\system\CodeIgniter.php(824): App\Controllers\Admin\UserController->index()
#12 C:\xampp\htdocs\bsit\ci\todo\system\CodeIgniter.php(410): CodeIgniter\CodeIgniter->runController(Object(App\Controllers\Admin\UserController))
#13 C:\xampp\htdocs\bsit\ci\todo\system\CodeIgniter.php(318): CodeIgniter\CodeIgniter->handleRequest(NULL, Object(Config\Cache), false)
#14 C:\xampp\htdocs\bsit\ci\todo\public\index.php(37): CodeIgniter\CodeIgniter->run()
#15 {main}
CRITICAL - 2021-12-22 22:18:14 --> Invalid file: Admin/User/vUserList.php
#0 C:\xampp\htdocs\bsit\ci\todo\system\View\View.php(198): CodeIgniter\Exceptions\FrameworkException::forInvalidFile('Admin/User/vUse...')
#1 C:\xampp\htdocs\bsit\ci\todo\system\Common.php(1097): CodeIgniter\View\View->render('Admin/User/vUse...', Array, true)
#2 C:\xampp\htdocs\bsit\ci\todo\app\Views\template\content.php(24): view('Admin/User/vUse...')
#3 C:\xampp\htdocs\bsit\ci\todo\system\View\View.php(214): include('C:\\xampp\\htdocs...')
#4 C:\xampp\htdocs\bsit\ci\todo\system\View\View.php(217): CodeIgniter\View\View->CodeIgniter\View\{closure}()
#5 C:\xampp\htdocs\bsit\ci\todo\system\Common.php(1097): CodeIgniter\View\View->render('template/conten...', Array, true)
#6 C:\xampp\htdocs\bsit\ci\todo\app\Views\template\index.php(5): view('template/conten...')
#7 C:\xampp\htdocs\bsit\ci\todo\system\View\View.php(214): include('C:\\xampp\\htdocs...')
#8 C:\xampp\htdocs\bsit\ci\todo\system\View\View.php(217): CodeIgniter\View\View->CodeIgniter\View\{closure}()
#9 C:\xampp\htdocs\bsit\ci\todo\system\Common.php(1097): CodeIgniter\View\View->render('template/index....', Array, true)
#10 C:\xampp\htdocs\bsit\ci\todo\app\Controllers\Admin\UserController.php(48): view('template/index....', Array)
#11 C:\xampp\htdocs\bsit\ci\todo\system\CodeIgniter.php(824): App\Controllers\Admin\UserController->index()
#12 C:\xampp\htdocs\bsit\ci\todo\system\CodeIgniter.php(410): CodeIgniter\CodeIgniter->runController(Object(App\Controllers\Admin\UserController))
#13 C:\xampp\htdocs\bsit\ci\todo\system\CodeIgniter.php(318): CodeIgniter\CodeIgniter->handleRequest(NULL, Object(Config\Cache), false)
#14 C:\xampp\htdocs\bsit\ci\todo\public\index.php(37): CodeIgniter\CodeIgniter->run()
#15 {main}
CRITICAL - 2021-12-22 22:18:23 --> Invalid file: Admin/User/vUserList.php
#0 C:\xampp\htdocs\bsit\ci\todo\system\View\View.php(198): CodeIgniter\Exceptions\FrameworkException::forInvalidFile('Admin/User/vUse...')
#1 C:\xampp\htdocs\bsit\ci\todo\system\Common.php(1097): CodeIgniter\View\View->render('Admin/User/vUse...', Array, true)
#2 C:\xampp\htdocs\bsit\ci\todo\app\Views\template\content.php(24): view('Admin/User/vUse...')
#3 C:\xampp\htdocs\bsit\ci\todo\system\View\View.php(214): include('C:\\xampp\\htdocs...')
#4 C:\xampp\htdocs\bsit\ci\todo\system\View\View.php(217): CodeIgniter\View\View->CodeIgniter\View\{closure}()
#5 C:\xampp\htdocs\bsit\ci\todo\system\Common.php(1097): CodeIgniter\View\View->render('template/conten...', Array, true)
#6 C:\xampp\htdocs\bsit\ci\todo\app\Views\template\index.php(5): view('template/conten...')
#7 C:\xampp\htdocs\bsit\ci\todo\system\View\View.php(214): include('C:\\xampp\\htdocs...')
#8 C:\xampp\htdocs\bsit\ci\todo\system\View\View.php(217): CodeIgniter\View\View->CodeIgniter\View\{closure}()
#9 C:\xampp\htdocs\bsit\ci\todo\system\Common.php(1097): CodeIgniter\View\View->render('template/index....', Array, true)
#10 C:\xampp\htdocs\bsit\ci\todo\app\Controllers\Admin\UserController.php(48): view('template/index....', Array)
#11 C:\xampp\htdocs\bsit\ci\todo\system\CodeIgniter.php(824): App\Controllers\Admin\UserController->index()
#12 C:\xampp\htdocs\bsit\ci\todo\system\CodeIgniter.php(410): CodeIgniter\CodeIgniter->runController(Object(App\Controllers\Admin\UserController))
#13 C:\xampp\htdocs\bsit\ci\todo\system\CodeIgniter.php(318): CodeIgniter\CodeIgniter->handleRequest(NULL, Object(Config\Cache), false)
#14 C:\xampp\htdocs\bsit\ci\todo\public\index.php(37): CodeIgniter\CodeIgniter->run()
#15 {main}
CRITICAL - 2021-12-22 22:20:47 --> Invalid file: Admin/User/vUserList.php
#0 C:\xampp\htdocs\bsit\ci\todo\system\View\View.php(198): CodeIgniter\Exceptions\FrameworkException::forInvalidFile('Admin/User/vUse...')
#1 C:\xampp\htdocs\bsit\ci\todo\system\Common.php(1097): CodeIgniter\View\View->render('Admin/User/vUse...', Array, true)
#2 C:\xampp\htdocs\bsit\ci\todo\app\Views\template\content.php(24): view('Admin/User/vUse...')
#3 C:\xampp\htdocs\bsit\ci\todo\system\View\View.php(214): include('C:\\xampp\\htdocs...')
#4 C:\xampp\htdocs\bsit\ci\todo\system\View\View.php(217): CodeIgniter\View\View->CodeIgniter\View\{closure}()
#5 C:\xampp\htdocs\bsit\ci\todo\system\Common.php(1097): CodeIgniter\View\View->render('template/conten...', Array, true)
#6 C:\xampp\htdocs\bsit\ci\todo\app\Views\template\index.php(5): view('template/conten...')
#7 C:\xampp\htdocs\bsit\ci\todo\system\View\View.php(214): include('C:\\xampp\\htdocs...')
#8 C:\xampp\htdocs\bsit\ci\todo\system\View\View.php(217): CodeIgniter\View\View->CodeIgniter\View\{closure}()
#9 C:\xampp\htdocs\bsit\ci\todo\system\Common.php(1097): CodeIgniter\View\View->render('template/index....', Array, true)
#10 C:\xampp\htdocs\bsit\ci\todo\app\Controllers\Admin\UserController.php(48): view('template/index....', Array)
#11 C:\xampp\htdocs\bsit\ci\todo\system\CodeIgniter.php(824): App\Controllers\Admin\UserController->index()
#12 C:\xampp\htdocs\bsit\ci\todo\system\CodeIgniter.php(410): CodeIgniter\CodeIgniter->runController(Object(App\Controllers\Admin\UserController))
#13 C:\xampp\htdocs\bsit\ci\todo\system\CodeIgniter.php(318): CodeIgniter\CodeIgniter->handleRequest(NULL, Object(Config\Cache), false)
#14 C:\xampp\htdocs\bsit\ci\todo\public\index.php(37): CodeIgniter\CodeIgniter->run()
#15 {main}
CRITICAL - 2021-12-22 22:25:53 --> Invalid file: Admin/User/vUserList.php
#0 C:\xampp\htdocs\bsit\ci\todo\system\View\View.php(198): CodeIgniter\Exceptions\FrameworkException::forInvalidFile('Admin/User/vUse...')
#1 C:\xampp\htdocs\bsit\ci\todo\system\Common.php(1097): CodeIgniter\View\View->render('Admin/User/vUse...', Array, true)
#2 C:\xampp\htdocs\bsit\ci\todo\app\Views\template\content.php(24): view('Admin/User/vUse...')
#3 C:\xampp\htdocs\bsit\ci\todo\system\View\View.php(214): include('C:\\xampp\\htdocs...')
#4 C:\xampp\htdocs\bsit\ci\todo\system\View\View.php(217): CodeIgniter\View\View->CodeIgniter\View\{closure}()
#5 C:\xampp\htdocs\bsit\ci\todo\system\Common.php(1097): CodeIgniter\View\View->render('template/conten...', Array, true)
#6 C:\xampp\htdocs\bsit\ci\todo\app\Views\template\index.php(5): view('template/conten...')
#7 C:\xampp\htdocs\bsit\ci\todo\system\View\View.php(214): include('C:\\xampp\\htdocs...')
#8 C:\xampp\htdocs\bsit\ci\todo\system\View\View.php(217): CodeIgniter\View\View->CodeIgniter\View\{closure}()
#9 C:\xampp\htdocs\bsit\ci\todo\system\Common.php(1097): CodeIgniter\View\View->render('template/index....', Array, true)
#10 C:\xampp\htdocs\bsit\ci\todo\app\Controllers\Admin\UserController.php(48): view('template/index....', Array)
#11 C:\xampp\htdocs\bsit\ci\todo\system\CodeIgniter.php(824): App\Controllers\Admin\UserController->index()
#12 C:\xampp\htdocs\bsit\ci\todo\system\CodeIgniter.php(410): CodeIgniter\CodeIgniter->runController(Object(App\Controllers\Admin\UserController))
#13 C:\xampp\htdocs\bsit\ci\todo\system\CodeIgniter.php(318): CodeIgniter\CodeIgniter->handleRequest(NULL, Object(Config\Cache), false)
#14 C:\xampp\htdocs\bsit\ci\todo\public\index.php(37): CodeIgniter\CodeIgniter->run()
#15 {main}
CRITICAL - 2021-12-22 22:25:55 --> Invalid file: Admin/User/vUserList.php
#0 C:\xampp\htdocs\bsit\ci\todo\system\View\View.php(198): CodeIgniter\Exceptions\FrameworkException::forInvalidFile('Admin/User/vUse...')
#1 C:\xampp\htdocs\bsit\ci\todo\system\Common.php(1097): CodeIgniter\View\View->render('Admin/User/vUse...', Array, true)
#2 C:\xampp\htdocs\bsit\ci\todo\app\Views\template\content.php(24): view('Admin/User/vUse...')
#3 C:\xampp\htdocs\bsit\ci\todo\system\View\View.php(214): include('C:\\xampp\\htdocs...')
#4 C:\xampp\htdocs\bsit\ci\todo\system\View\View.php(217): CodeIgniter\View\View->CodeIgniter\View\{closure}()
#5 C:\xampp\htdocs\bsit\ci\todo\system\Common.php(1097): CodeIgniter\View\View->render('template/conten...', Array, true)
#6 C:\xampp\htdocs\bsit\ci\todo\app\Views\template\index.php(5): view('template/conten...')
#7 C:\xampp\htdocs\bsit\ci\todo\system\View\View.php(214): include('C:\\xampp\\htdocs...')
#8 C:\xampp\htdocs\bsit\ci\todo\system\View\View.php(217): CodeIgniter\View\View->CodeIgniter\View\{closure}()
#9 C:\xampp\htdocs\bsit\ci\todo\system\Common.php(1097): CodeIgniter\View\View->render('template/index....', Array, true)
#10 C:\xampp\htdocs\bsit\ci\todo\app\Controllers\Admin\UserController.php(48): view('template/index....', Array)
#11 C:\xampp\htdocs\bsit\ci\todo\system\CodeIgniter.php(824): App\Controllers\Admin\UserController->index()
#12 C:\xampp\htdocs\bsit\ci\todo\system\CodeIgniter.php(410): CodeIgniter\CodeIgniter->runController(Object(App\Controllers\Admin\UserController))
#13 C:\xampp\htdocs\bsit\ci\todo\system\CodeIgniter.php(318): CodeIgniter\CodeIgniter->handleRequest(NULL, Object(Config\Cache), false)
#14 C:\xampp\htdocs\bsit\ci\todo\public\index.php(37): CodeIgniter\CodeIgniter->run()
#15 {main}
CRITICAL - 2021-12-22 22:26:42 --> Invalid file: Admin/User/vUserList.php
#0 C:\xampp\htdocs\bsit\ci\todo\system\View\View.php(198): CodeIgniter\Exceptions\FrameworkException::forInvalidFile('Admin/User/vUse...')
#1 C:\xampp\htdocs\bsit\ci\todo\system\Common.php(1097): CodeIgniter\View\View->render('Admin/User/vUse...', Array, true)
#2 C:\xampp\htdocs\bsit\ci\todo\app\Views\template\content.php(24): view('Admin/User/vUse...')
#3 C:\xampp\htdocs\bsit\ci\todo\system\View\View.php(214): include('C:\\xampp\\htdocs...')
#4 C:\xampp\htdocs\bsit\ci\todo\system\View\View.php(217): CodeIgniter\View\View->CodeIgniter\View\{closure}()
#5 C:\xampp\htdocs\bsit\ci\todo\system\Common.php(1097): CodeIgniter\View\View->render('template/conten...', Array, true)
#6 C:\xampp\htdocs\bsit\ci\todo\app\Views\template\index.php(5): view('template/conten...')
#7 C:\xampp\htdocs\bsit\ci\todo\system\View\View.php(214): include('C:\\xampp\\htdocs...')
#8 C:\xampp\htdocs\bsit\ci\todo\system\View\View.php(217): CodeIgniter\View\View->CodeIgniter\View\{closure}()
#9 C:\xampp\htdocs\bsit\ci\todo\system\Common.php(1097): CodeIgniter\View\View->render('template/index....', Array, true)
#10 C:\xampp\htdocs\bsit\ci\todo\app\Controllers\Admin\UserController.php(48): view('template/index....', Array)
#11 C:\xampp\htdocs\bsit\ci\todo\system\CodeIgniter.php(824): App\Controllers\Admin\UserController->index()
#12 C:\xampp\htdocs\bsit\ci\todo\system\CodeIgniter.php(410): CodeIgniter\CodeIgniter->runController(Object(App\Controllers\Admin\UserController))
#13 C:\xampp\htdocs\bsit\ci\todo\system\CodeIgniter.php(318): CodeIgniter\CodeIgniter->handleRequest(NULL, Object(Config\Cache), false)
#14 C:\xampp\htdocs\bsit\ci\todo\public\index.php(37): CodeIgniter\CodeIgniter->run()
#15 {main}
CRITICAL - 2021-12-22 22:27:29 --> Invalid file: Admin/User/vUserList.php
#0 C:\xampp\htdocs\bsit\ci\todo\system\View\View.php(198): CodeIgniter\Exceptions\FrameworkException::forInvalidFile('Admin/User/vUse...')
#1 C:\xampp\htdocs\bsit\ci\todo\system\Common.php(1097): CodeIgniter\View\View->render('Admin/User/vUse...', Array, true)
#2 C:\xampp\htdocs\bsit\ci\todo\app\Views\template\content.php(24): view('Admin/User/vUse...')
#3 C:\xampp\htdocs\bsit\ci\todo\system\View\View.php(214): include('C:\\xampp\\htdocs...')
#4 C:\xampp\htdocs\bsit\ci\todo\system\View\View.php(217): CodeIgniter\View\View->CodeIgniter\View\{closure}()
#5 C:\xampp\htdocs\bsit\ci\todo\system\Common.php(1097): CodeIgniter\View\View->render('template/conten...', Array, true)
#6 C:\xampp\htdocs\bsit\ci\todo\app\Views\template\index.php(5): view('template/conten...')
#7 C:\xampp\htdocs\bsit\ci\todo\system\View\View.php(214): include('C:\\xampp\\htdocs...')
#8 C:\xampp\htdocs\bsit\ci\todo\system\View\View.php(217): CodeIgniter\View\View->CodeIgniter\View\{closure}()
#9 C:\xampp\htdocs\bsit\ci\todo\system\Common.php(1097): CodeIgniter\View\View->render('template/index....', Array, true)
#10 C:\xampp\htdocs\bsit\ci\todo\app\Controllers\Admin\UserController.php(48): view('template/index....', Array)
#11 C:\xampp\htdocs\bsit\ci\todo\system\CodeIgniter.php(824): App\Controllers\Admin\UserController->index()
#12 C:\xampp\htdocs\bsit\ci\todo\system\CodeIgniter.php(410): CodeIgniter\CodeIgniter->runController(Object(App\Controllers\Admin\UserController))
#13 C:\xampp\htdocs\bsit\ci\todo\system\CodeIgniter.php(318): CodeIgniter\CodeIgniter->handleRequest(NULL, Object(Config\Cache), false)
#14 C:\xampp\htdocs\bsit\ci\todo\public\index.php(37): CodeIgniter\CodeIgniter->run()
#15 {main}
CRITICAL - 2021-12-22 22:28:33 --> Invalid file: Admin/User/vUserList.php
#0 C:\xampp\htdocs\bsit\ci\todo\system\View\View.php(198): CodeIgniter\Exceptions\FrameworkException::forInvalidFile('Admin/User/vUse...')
#1 C:\xampp\htdocs\bsit\ci\todo\system\Common.php(1097): CodeIgniter\View\View->render('Admin/User/vUse...', Array, true)
#2 C:\xampp\htdocs\bsit\ci\todo\app\Views\template\content.php(24): view('Admin/User/vUse...')
#3 C:\xampp\htdocs\bsit\ci\todo\system\View\View.php(214): include('C:\\xampp\\htdocs...')
#4 C:\xampp\htdocs\bsit\ci\todo\system\View\View.php(217): CodeIgniter\View\View->CodeIgniter\View\{closure}()
#5 C:\xampp\htdocs\bsit\ci\todo\system\Common.php(1097): CodeIgniter\View\View->render('template/conten...', Array, true)
#6 C:\xampp\htdocs\bsit\ci\todo\app\Views\template\index.php(5): view('template/conten...')
#7 C:\xampp\htdocs\bsit\ci\todo\system\View\View.php(214): include('C:\\xampp\\htdocs...')
#8 C:\xampp\htdocs\bsit\ci\todo\system\View\View.php(217): CodeIgniter\View\View->CodeIgniter\View\{closure}()
#9 C:\xampp\htdocs\bsit\ci\todo\system\Common.php(1097): CodeIgniter\View\View->render('template/index....', Array, true)
#10 C:\xampp\htdocs\bsit\ci\todo\app\Controllers\Admin\UserController.php(48): view('template/index....', Array)
#11 C:\xampp\htdocs\bsit\ci\todo\system\CodeIgniter.php(824): App\Controllers\Admin\UserController->index()
#12 C:\xampp\htdocs\bsit\ci\todo\system\CodeIgniter.php(410): CodeIgniter\CodeIgniter->runController(Object(App\Controllers\Admin\UserController))
#13 C:\xampp\htdocs\bsit\ci\todo\system\CodeIgniter.php(318): CodeIgniter\CodeIgniter->handleRequest(NULL, Object(Config\Cache), false)
#14 C:\xampp\htdocs\bsit\ci\todo\public\index.php(37): CodeIgniter\CodeIgniter->run()
#15 {main}
CRITICAL - 2021-12-22 22:28:34 --> Invalid file: Admin/User/vUserList.php
#0 C:\xampp\htdocs\bsit\ci\todo\system\View\View.php(198): CodeIgniter\Exceptions\FrameworkException::forInvalidFile('Admin/User/vUse...')
#1 C:\xampp\htdocs\bsit\ci\todo\system\Common.php(1097): CodeIgniter\View\View->render('Admin/User/vUse...', Array, true)
#2 C:\xampp\htdocs\bsit\ci\todo\app\Views\template\content.php(24): view('Admin/User/vUse...')
#3 C:\xampp\htdocs\bsit\ci\todo\system\View\View.php(214): include('C:\\xampp\\htdocs...')
#4 C:\xampp\htdocs\bsit\ci\todo\system\View\View.php(217): CodeIgniter\View\View->CodeIgniter\View\{closure}()
#5 C:\xampp\htdocs\bsit\ci\todo\system\Common.php(1097): CodeIgniter\View\View->render('template/conten...', Array, true)
#6 C:\xampp\htdocs\bsit\ci\todo\app\Views\template\index.php(5): view('template/conten...')
#7 C:\xampp\htdocs\bsit\ci\todo\system\View\View.php(214): include('C:\\xampp\\htdocs...')
#8 C:\xampp\htdocs\bsit\ci\todo\system\View\View.php(217): CodeIgniter\View\View->CodeIgniter\View\{closure}()
#9 C:\xampp\htdocs\bsit\ci\todo\system\Common.php(1097): CodeIgniter\View\View->render('template/index....', Array, true)
#10 C:\xampp\htdocs\bsit\ci\todo\app\Controllers\Admin\UserController.php(48): view('template/index....', Array)
#11 C:\xampp\htdocs\bsit\ci\todo\system\CodeIgniter.php(824): App\Controllers\Admin\UserController->index()
#12 C:\xampp\htdocs\bsit\ci\todo\system\CodeIgniter.php(410): CodeIgniter\CodeIgniter->runController(Object(App\Controllers\Admin\UserController))
#13 C:\xampp\htdocs\bsit\ci\todo\system\CodeIgniter.php(318): CodeIgniter\CodeIgniter->handleRequest(NULL, Object(Config\Cache), false)
#14 C:\xampp\htdocs\bsit\ci\todo\public\index.php(37): CodeIgniter\CodeIgniter->run()
#15 {main}
CRITICAL - 2021-12-22 22:30:36 --> Invalid file: Admin/User/vUserList.php
#0 C:\xampp\htdocs\bsit\ci\todo\system\View\View.php(198): CodeIgniter\Exceptions\FrameworkException::forInvalidFile('Admin/User/vUse...')
#1 C:\xampp\htdocs\bsit\ci\todo\system\Common.php(1097): CodeIgniter\View\View->render('Admin/User/vUse...', Array, true)
#2 C:\xampp\htdocs\bsit\ci\todo\app\Views\template\content.php(24): view('Admin/User/vUse...')
#3 C:\xampp\htdocs\bsit\ci\todo\system\View\View.php(214): include('C:\\xampp\\htdocs...')
#4 C:\xampp\htdocs\bsit\ci\todo\system\View\View.php(217): CodeIgniter\View\View->CodeIgniter\View\{closure}()
#5 C:\xampp\htdocs\bsit\ci\todo\system\Common.php(1097): CodeIgniter\View\View->render('template/conten...', Array, true)
#6 C:\xampp\htdocs\bsit\ci\todo\app\Views\template\index.php(5): view('template/conten...')
#7 C:\xampp\htdocs\bsit\ci\todo\system\View\View.php(214): include('C:\\xampp\\htdocs...')
#8 C:\xampp\htdocs\bsit\ci\todo\system\View\View.php(217): CodeIgniter\View\View->CodeIgniter\View\{closure}()
#9 C:\xampp\htdocs\bsit\ci\todo\system\Common.php(1097): CodeIgniter\View\View->render('template/index....', Array, true)
#10 C:\xampp\htdocs\bsit\ci\todo\app\Controllers\Admin\UserController.php(48): view('template/index....', Array)
#11 C:\xampp\htdocs\bsit\ci\todo\system\CodeIgniter.php(824): App\Controllers\Admin\UserController->index()
#12 C:\xampp\htdocs\bsit\ci\todo\system\CodeIgniter.php(410): CodeIgniter\CodeIgniter->runController(Object(App\Controllers\Admin\UserController))
#13 C:\xampp\htdocs\bsit\ci\todo\system\CodeIgniter.php(318): CodeIgniter\CodeIgniter->handleRequest(NULL, Object(Config\Cache), false)
#14 C:\xampp\htdocs\bsit\ci\todo\public\index.php(37): CodeIgniter\CodeIgniter->run()
#15 {main}
CRITICAL - 2021-12-22 22:35:43 --> syntax error, unexpected end of file
#0 C:\xampp\htdocs\bsit\ci\todo\system\View\View.php(217): CodeIgniter\View\View->CodeIgniter\View\{closure}()
#1 C:\xampp\htdocs\bsit\ci\todo\system\Common.php(1097): CodeIgniter\View\View->render('Admin/User/vUse...', Array, true)
#2 C:\xampp\htdocs\bsit\ci\todo\app\Views\template\content.php(24): view('Admin/User/vUse...')
#3 C:\xampp\htdocs\bsit\ci\todo\system\View\View.php(214): include('C:\\xampp\\htdocs...')
#4 C:\xampp\htdocs\bsit\ci\todo\system\View\View.php(217): CodeIgniter\View\View->CodeIgniter\View\{closure}()
#5 C:\xampp\htdocs\bsit\ci\todo\system\Common.php(1097): CodeIgniter\View\View->render('template/conten...', Array, true)
#6 C:\xampp\htdocs\bsit\ci\todo\app\Views\template\index.php(5): view('template/conten...')
#7 C:\xampp\htdocs\bsit\ci\todo\system\View\View.php(214): include('C:\\xampp\\htdocs...')
#8 C:\xampp\htdocs\bsit\ci\todo\system\View\View.php(217): CodeIgniter\View\View->CodeIgniter\View\{closure}()
#9 C:\xampp\htdocs\bsit\ci\todo\system\Common.php(1097): CodeIgniter\View\View->render('template/index....', Array, true)
#10 C:\xampp\htdocs\bsit\ci\todo\app\Controllers\Admin\UserController.php(48): view('template/index....', Array)
#11 C:\xampp\htdocs\bsit\ci\todo\system\CodeIgniter.php(824): App\Controllers\Admin\UserController->index()
#12 C:\xampp\htdocs\bsit\ci\todo\system\CodeIgniter.php(410): CodeIgniter\CodeIgniter->runController(Object(App\Controllers\Admin\UserController))
#13 C:\xampp\htdocs\bsit\ci\todo\system\CodeIgniter.php(318): CodeIgniter\CodeIgniter->handleRequest(NULL, Object(Config\Cache), false)
#14 C:\xampp\htdocs\bsit\ci\todo\public\index.php(37): CodeIgniter\CodeIgniter->run()
#15 {main}
CRITICAL - 2021-12-22 22:58:16 --> Call to undefined function base_urel()
#0 C:\xampp\htdocs\bsit\ci\todo\system\View\View.php(214): include()
#1 C:\xampp\htdocs\bsit\ci\todo\system\View\View.php(217): CodeIgniter\View\View->CodeIgniter\View\{closure}()
#2 C:\xampp\htdocs\bsit\ci\todo\system\Common.php(1097): CodeIgniter\View\View->render('template/sideba...', Array, true)
#3 C:\xampp\htdocs\bsit\ci\todo\app\Views\template\index.php(4): view('template/sideba...')
#4 C:\xampp\htdocs\bsit\ci\todo\system\View\View.php(214): include('C:\\xampp\\htdocs...')
#5 C:\xampp\htdocs\bsit\ci\todo\system\View\View.php(217): CodeIgniter\View\View->CodeIgniter\View\{closure}()
#6 C:\xampp\htdocs\bsit\ci\todo\system\Common.php(1097): CodeIgniter\View\View->render('template/index....', Array, true)
#7 C:\xampp\htdocs\bsit\ci\todo\app\Controllers\Admin\UserController.php(48): view('template/index....', Array)
#8 C:\xampp\htdocs\bsit\ci\todo\system\CodeIgniter.php(824): App\Controllers\Admin\UserController->index()
#9 C:\xampp\htdocs\bsit\ci\todo\system\CodeIgniter.php(410): CodeIgniter\CodeIgniter->runController(Object(App\Controllers\Admin\UserController))
#10 C:\xampp\htdocs\bsit\ci\todo\system\CodeIgniter.php(318): CodeIgniter\CodeIgniter->handleRequest(NULL, Object(Config\Cache), false)
#11 C:\xampp\htdocs\bsit\ci\todo\public\index.php(37): CodeIgniter\CodeIgniter->run()
#12 {main}
CRITICAL - 2021-12-22 22:58:19 --> Call to undefined function base_urel()
#0 C:\xampp\htdocs\bsit\ci\todo\system\View\View.php(214): include()
#1 C:\xampp\htdocs\bsit\ci\todo\system\View\View.php(217): CodeIgniter\View\View->CodeIgniter\View\{closure}()
#2 C:\xampp\htdocs\bsit\ci\todo\system\Common.php(1097): CodeIgniter\View\View->render('template/sideba...', Array, true)
#3 C:\xampp\htdocs\bsit\ci\todo\app\Views\template\index.php(4): view('template/sideba...')
#4 C:\xampp\htdocs\bsit\ci\todo\system\View\View.php(214): include('C:\\xampp\\htdocs...')
#5 C:\xampp\htdocs\bsit\ci\todo\system\View\View.php(217): CodeIgniter\View\View->CodeIgniter\View\{closure}()
#6 C:\xampp\htdocs\bsit\ci\todo\system\Common.php(1097): CodeIgniter\View\View->render('template/index....', Array, true)
#7 C:\xampp\htdocs\bsit\ci\todo\app\Controllers\Admin\UserController.php(67): view('template/index....', Array)
#8 C:\xampp\htdocs\bsit\ci\todo\system\CodeIgniter.php(824): App\Controllers\Admin\UserController->indexAddUser()
#9 C:\xampp\htdocs\bsit\ci\todo\system\CodeIgniter.php(410): CodeIgniter\CodeIgniter->runController(Object(App\Controllers\Admin\UserController))
#10 C:\xampp\htdocs\bsit\ci\todo\system\CodeIgniter.php(318): CodeIgniter\CodeIgniter->handleRequest(NULL, Object(Config\Cache), false)
#11 C:\xampp\htdocs\bsit\ci\todo\public\index.php(37): CodeIgniter\CodeIgniter->run()
#12 {main}
CRITICAL - 2021-12-22 22:58:23 --> Call to undefined function base_urel()
#0 C:\xampp\htdocs\bsit\ci\todo\system\View\View.php(214): include()
#1 C:\xampp\htdocs\bsit\ci\todo\system\View\View.php(217): CodeIgniter\View\View->CodeIgniter\View\{closure}()
#2 C:\xampp\htdocs\bsit\ci\todo\system\Common.php(1097): CodeIgniter\View\View->render('template/sideba...', Array, true)
#3 C:\xampp\htdocs\bsit\ci\todo\app\Views\template\index.php(4): view('template/sideba...')
#4 C:\xampp\htdocs\bsit\ci\todo\system\View\View.php(214): include('C:\\xampp\\htdocs...')
#5 C:\xampp\htdocs\bsit\ci\todo\system\View\View.php(217): CodeIgniter\View\View->CodeIgniter\View\{closure}()
#6 C:\xampp\htdocs\bsit\ci\todo\system\Common.php(1097): CodeIgniter\View\View->render('template/index....', Array, true)
#7 C:\xampp\htdocs\bsit\ci\todo\app\Controllers\Admin\UserController.php(48): view('template/index....', Array)
#8 C:\xampp\htdocs\bsit\ci\todo\system\CodeIgniter.php(824): App\Controllers\Admin\UserController->index()
#9 C:\xampp\htdocs\bsit\ci\todo\system\CodeIgniter.php(410): CodeIgniter\CodeIgniter->runController(Object(App\Controllers\Admin\UserController))
#10 C:\xampp\htdocs\bsit\ci\todo\system\CodeIgniter.php(318): CodeIgniter\CodeIgniter->handleRequest(NULL, Object(Config\Cache), false)
#11 C:\xampp\htdocs\bsit\ci\todo\public\index.php(37): CodeIgniter\CodeIgniter->run()
#12 {main}
CRITICAL - 2021-12-22 22:59:46 --> syntax error, unexpected 'page' (T_STRING), expecting ')'
#0 C:\xampp\htdocs\bsit\ci\todo\system\Autoloader\Autoloader.php(241): CodeIgniter\Autoloader\Autoloader->includeFile('C:\\xampp\\htdocs...')
#1 C:\xampp\htdocs\bsit\ci\todo\system\Autoloader\Autoloader.php(219): CodeIgniter\Autoloader\Autoloader->loadInNamespace('App\\Controllers...')
#2 [internal function]: CodeIgniter\Autoloader\Autoloader->loadClass('App\\Controllers...')
#3 [internal function]: spl_autoload_call('App\\Controllers...')
#4 C:\xampp\htdocs\bsit\ci\todo\system\CodeIgniter.php(789): class_exists('\\App\\Controller...', true)
#5 C:\xampp\htdocs\bsit\ci\todo\system\CodeIgniter.php(397): CodeIgniter\CodeIgniter->startController()
#6 C:\xampp\htdocs\bsit\ci\todo\system\CodeIgniter.php(318): CodeIgniter\CodeIgniter->handleRequest(NULL, Object(Config\Cache), false)
#7 C:\xampp\htdocs\bsit\ci\todo\public\index.php(37): CodeIgniter\CodeIgniter->run()
#8 {main}
CRITICAL - 2021-12-22 22:59:47 --> syntax error, unexpected 'page' (T_STRING), expecting ')'
#0 C:\xampp\htdocs\bsit\ci\todo\system\Autoloader\Autoloader.php(241): CodeIgniter\Autoloader\Autoloader->includeFile('C:\\xampp\\htdocs...')
#1 C:\xampp\htdocs\bsit\ci\todo\system\Autoloader\Autoloader.php(219): CodeIgniter\Autoloader\Autoloader->loadInNamespace('App\\Controllers...')
#2 [internal function]: CodeIgniter\Autoloader\Autoloader->loadClass('App\\Controllers...')
#3 [internal function]: spl_autoload_call('App\\Controllers...')
#4 C:\xampp\htdocs\bsit\ci\todo\system\CodeIgniter.php(789): class_exists('\\App\\Controller...', true)
#5 C:\xampp\htdocs\bsit\ci\todo\system\CodeIgniter.php(397): CodeIgniter\CodeIgniter->startController()
#6 C:\xampp\htdocs\bsit\ci\todo\system\CodeIgniter.php(318): CodeIgniter\CodeIgniter->handleRequest(NULL, Object(Config\Cache), false)
#7 C:\xampp\htdocs\bsit\ci\todo\public\index.php(37): CodeIgniter\CodeIgniter->run()
#8 {main}
CRITICAL - 2021-12-22 22:59:49 --> syntax error, unexpected 'page' (T_STRING), expecting ')'
#0 C:\xampp\htdocs\bsit\ci\todo\system\Autoloader\Autoloader.php(241): CodeIgniter\Autoloader\Autoloader->includeFile('C:\\xampp\\htdocs...')
#1 C:\xampp\htdocs\bsit\ci\todo\system\Autoloader\Autoloader.php(219): CodeIgniter\Autoloader\Autoloader->loadInNamespace('App\\Controllers...')
#2 [internal function]: CodeIgniter\Autoloader\Autoloader->loadClass('App\\Controllers...')
#3 [internal function]: spl_autoload_call('App\\Controllers...')
#4 C:\xampp\htdocs\bsit\ci\todo\system\CodeIgniter.php(789): class_exists('\\App\\Controller...', true)
#5 C:\xampp\htdocs\bsit\ci\todo\system\CodeIgniter.php(397): CodeIgniter\CodeIgniter->startController()
#6 C:\xampp\htdocs\bsit\ci\todo\system\CodeIgniter.php(318): CodeIgniter\CodeIgniter->handleRequest(NULL, Object(Config\Cache), false)
#7 C:\xampp\htdocs\bsit\ci\todo\public\index.php(37): CodeIgniter\CodeIgniter->run()
#8 {main}
