CRITICAL - 2021-12-21 20:53:52 --> Invalid file: template/index.php
#0 C:\xampp\htdocs\bsit\ci\todo\system\View\View.php(198): CodeIgniter\Exceptions\FrameworkException::forInvalidFile('template/index....')
#1 C:\xampp\htdocs\bsit\ci\todo\system\Common.php(1097): CodeIgniter\View\View->render('template/index', Array, true)
#2 C:\xampp\htdocs\bsit\ci\todo\app\Controllers\Home.php(9): view('template/index')
#3 C:\xampp\htdocs\bsit\ci\todo\system\CodeIgniter.php(824): App\Controllers\Home->index()
#4 C:\xampp\htdocs\bsit\ci\todo\system\CodeIgniter.php(410): CodeIgniter\CodeIgniter->runController(Object(App\Controllers\Home))
#5 C:\xampp\htdocs\bsit\ci\todo\system\CodeIgniter.php(318): CodeIgniter\CodeIgniter->handleRequest(NULL, Object(Config\Cache), false)
#6 C:\xampp\htdocs\bsit\ci\todo\public\index.php(37): CodeIgniter\CodeIgniter->run()
#7 {main}
CRITICAL - 2021-12-21 20:53:53 --> Invalid file: template/index.php
#0 C:\xampp\htdocs\bsit\ci\todo\system\View\View.php(198): CodeIgniter\Exceptions\FrameworkException::forInvalidFile('template/index....')
#1 C:\xampp\htdocs\bsit\ci\todo\system\Common.php(1097): CodeIgniter\View\View->render('template/index', Array, true)
#2 C:\xampp\htdocs\bsit\ci\todo\app\Controllers\Home.php(9): view('template/index')
#3 C:\xampp\htdocs\bsit\ci\todo\system\CodeIgniter.php(824): App\Controllers\Home->index()
#4 C:\xampp\htdocs\bsit\ci\todo\system\CodeIgniter.php(410): CodeIgniter\CodeIgniter->runController(Object(App\Controllers\Home))
#5 C:\xampp\htdocs\bsit\ci\todo\system\CodeIgniter.php(318): CodeIgniter\CodeIgniter->handleRequest(NULL, Object(Config\Cache), false)
#6 C:\xampp\htdocs\bsit\ci\todo\public\index.php(37): CodeIgniter\CodeIgniter->run()
#7 {main}
CRITICAL - 2021-12-21 20:54:03 --> Invalid file: template.php
#0 C:\xampp\htdocs\bsit\ci\todo\system\View\View.php(198): CodeIgniter\Exceptions\FrameworkException::forInvalidFile('template.php')
#1 C:\xampp\htdocs\bsit\ci\todo\system\Common.php(1097): CodeIgniter\View\View->render('template', Array, true)
#2 C:\xampp\htdocs\bsit\ci\todo\app\Controllers\Home.php(9): view('template')
#3 C:\xampp\htdocs\bsit\ci\todo\system\CodeIgniter.php(824): App\Controllers\Home->index()
#4 C:\xampp\htdocs\bsit\ci\todo\system\CodeIgniter.php(410): CodeIgniter\CodeIgniter->runController(Object(App\Controllers\Home))
#5 C:\xampp\htdocs\bsit\ci\todo\system\CodeIgniter.php(318): CodeIgniter\CodeIgniter->handleRequest(NULL, Object(Config\Cache), false)
#6 C:\xampp\htdocs\bsit\ci\todo\public\index.php(37): CodeIgniter\CodeIgniter->run()
#7 {main}
CRITICAL - 2021-12-21 21:11:34 --> Invalid file: template/index.php
#0 C:\xampp\htdocs\bsit\ci\todo\system\View\View.php(198): CodeIgniter\Exceptions\FrameworkException::forInvalidFile('template/index....')
#1 C:\xampp\htdocs\bsit\ci\todo\system\Common.php(1097): CodeIgniter\View\View->render('template/index....', Array, true)
#2 C:\xampp\htdocs\bsit\ci\todo\app\Controllers\Home.php(19): view('template/index....', Array)
#3 C:\xampp\htdocs\bsit\ci\todo\system\CodeIgniter.php(824): App\Controllers\Home->index()
#4 C:\xampp\htdocs\bsit\ci\todo\system\CodeIgniter.php(410): CodeIgniter\CodeIgniter->runController(Object(App\Controllers\Home))
#5 C:\xampp\htdocs\bsit\ci\todo\system\CodeIgniter.php(318): CodeIgniter\CodeIgniter->handleRequest(NULL, Object(Config\Cache), false)
#6 C:\xampp\htdocs\bsit\ci\todo\public\index.php(37): CodeIgniter\CodeIgniter->run()
#7 {main}
CRITICAL - 2021-12-21 21:11:35 --> Invalid file: template/index.php
#0 C:\xampp\htdocs\bsit\ci\todo\system\View\View.php(198): CodeIgniter\Exceptions\FrameworkException::forInvalidFile('template/index....')
#1 C:\xampp\htdocs\bsit\ci\todo\system\Common.php(1097): CodeIgniter\View\View->render('template/index....', Array, true)
#2 C:\xampp\htdocs\bsit\ci\todo\app\Controllers\Home.php(19): view('template/index....', Array)
#3 C:\xampp\htdocs\bsit\ci\todo\system\CodeIgniter.php(824): App\Controllers\Home->index()
#4 C:\xampp\htdocs\bsit\ci\todo\system\CodeIgniter.php(410): CodeIgniter\CodeIgniter->runController(Object(App\Controllers\Home))
#5 C:\xampp\htdocs\bsit\ci\todo\system\CodeIgniter.php(318): CodeIgniter\CodeIgniter->handleRequest(NULL, Object(Config\Cache), false)
#6 C:\xampp\htdocs\bsit\ci\todo\public\index.php(37): CodeIgniter\CodeIgniter->run()
#7 {main}
CRITICAL - 2021-12-21 21:14:23 --> Invalid file: template/Index.php
#0 C:\xampp\htdocs\bsit\ci\todo\system\View\View.php(198): CodeIgniter\Exceptions\FrameworkException::forInvalidFile('template/Index....')
#1 C:\xampp\htdocs\bsit\ci\todo\system\Common.php(1097): CodeIgniter\View\View->render('template/Index....', Array, true)
#2 C:\xampp\htdocs\bsit\ci\todo\app\Controllers\Home.php(19): view('template/Index....', Array)
#3 C:\xampp\htdocs\bsit\ci\todo\system\CodeIgniter.php(824): App\Controllers\Home->index()
#4 C:\xampp\htdocs\bsit\ci\todo\system\CodeIgniter.php(410): CodeIgniter\CodeIgniter->runController(Object(App\Controllers\Home))
#5 C:\xampp\htdocs\bsit\ci\todo\system\CodeIgniter.php(318): CodeIgniter\CodeIgniter->handleRequest(NULL, Object(Config\Cache), false)
#6 C:\xampp\htdocs\bsit\ci\todo\public\index.php(37): CodeIgniter\CodeIgniter->run()
#7 {main}
CRITICAL - 2021-12-21 21:17:28 --> Invalid file: Admin/template/Index.php
#0 C:\xampp\htdocs\bsit\ci\todo\system\View\View.php(198): CodeIgniter\Exceptions\FrameworkException::forInvalidFile('Admin/template/...')
#1 C:\xampp\htdocs\bsit\ci\todo\system\Common.php(1097): CodeIgniter\View\View->render('Admin/template/...', Array, true)
#2 C:\xampp\htdocs\bsit\ci\todo\app\Controllers\Home.php(19): view('Admin/template/...', Array)
#3 C:\xampp\htdocs\bsit\ci\todo\system\CodeIgniter.php(824): App\Controllers\Home->index()
#4 C:\xampp\htdocs\bsit\ci\todo\system\CodeIgniter.php(410): CodeIgniter\CodeIgniter->runController(Object(App\Controllers\Home))
#5 C:\xampp\htdocs\bsit\ci\todo\system\CodeIgniter.php(318): CodeIgniter\CodeIgniter->handleRequest(NULL, Object(Config\Cache), false)
#6 C:\xampp\htdocs\bsit\ci\todo\public\index.php(37): CodeIgniter\CodeIgniter->run()
#7 {main}
CRITICAL - 2021-12-21 21:17:29 --> Invalid file: Admin/template/Index.php
#0 C:\xampp\htdocs\bsit\ci\todo\system\View\View.php(198): CodeIgniter\Exceptions\FrameworkException::forInvalidFile('Admin/template/...')
#1 C:\xampp\htdocs\bsit\ci\todo\system\Common.php(1097): CodeIgniter\View\View->render('Admin/template/...', Array, true)
#2 C:\xampp\htdocs\bsit\ci\todo\app\Controllers\Home.php(19): view('Admin/template/...', Array)
#3 C:\xampp\htdocs\bsit\ci\todo\system\CodeIgniter.php(824): App\Controllers\Home->index()
#4 C:\xampp\htdocs\bsit\ci\todo\system\CodeIgniter.php(410): CodeIgniter\CodeIgniter->runController(Object(App\Controllers\Home))
#5 C:\xampp\htdocs\bsit\ci\todo\system\CodeIgniter.php(318): CodeIgniter\CodeIgniter->handleRequest(NULL, Object(Config\Cache), false)
#6 C:\xampp\htdocs\bsit\ci\todo\public\index.php(37): CodeIgniter\CodeIgniter->run()
#7 {main}
CRITICAL - 2021-12-21 21:18:52 --> Invalid file: template/Index.php
#0 C:\xampp\htdocs\bsit\ci\todo\system\View\View.php(198): CodeIgniter\Exceptions\FrameworkException::forInvalidFile('template/Index....')
#1 C:\xampp\htdocs\bsit\ci\todo\system\Common.php(1097): CodeIgniter\View\View->render('template/Index....', Array, true)
#2 C:\xampp\htdocs\bsit\ci\todo\app\Controllers\Home.php(19): view('template/Index....', Array)
#3 C:\xampp\htdocs\bsit\ci\todo\system\CodeIgniter.php(824): App\Controllers\Home->index()
#4 C:\xampp\htdocs\bsit\ci\todo\system\CodeIgniter.php(410): CodeIgniter\CodeIgniter->runController(Object(App\Controllers\Home))
#5 C:\xampp\htdocs\bsit\ci\todo\system\CodeIgniter.php(318): CodeIgniter\CodeIgniter->handleRequest(NULL, Object(Config\Cache), false)
#6 C:\xampp\htdocs\bsit\ci\todo\public\index.php(37): CodeIgniter\CodeIgniter->run()
#7 {main}
CRITICAL - 2021-12-21 21:22:34 --> Invalid file: template/Index.php
#0 C:\xampp\htdocs\bsit\ci\todo\system\View\View.php(198): CodeIgniter\Exceptions\FrameworkException::forInvalidFile('template/Index....')
#1 C:\xampp\htdocs\bsit\ci\todo\system\Common.php(1097): CodeIgniter\View\View->render('template/Index....', Array, true)
#2 C:\xampp\htdocs\bsit\ci\todo\app\Controllers\Home.php(19): view('template/Index....', Array)
#3 C:\xampp\htdocs\bsit\ci\todo\system\CodeIgniter.php(824): App\Controllers\Home->index()
#4 C:\xampp\htdocs\bsit\ci\todo\system\CodeIgniter.php(410): CodeIgniter\CodeIgniter->runController(Object(App\Controllers\Home))
#5 C:\xampp\htdocs\bsit\ci\todo\system\CodeIgniter.php(318): CodeIgniter\CodeIgniter->handleRequest(NULL, Object(Config\Cache), false)
#6 C:\xampp\htdocs\bsit\ci\todo\public\index.php(37): CodeIgniter\CodeIgniter->run()
#7 {main}
CRITICAL - 2021-12-21 21:22:35 --> Invalid file: template/Index.php
#0 C:\xampp\htdocs\bsit\ci\todo\system\View\View.php(198): CodeIgniter\Exceptions\FrameworkException::forInvalidFile('template/Index....')
#1 C:\xampp\htdocs\bsit\ci\todo\system\Common.php(1097): CodeIgniter\View\View->render('template/Index....', Array, true)
#2 C:\xampp\htdocs\bsit\ci\todo\app\Controllers\Home.php(19): view('template/Index....', Array)
#3 C:\xampp\htdocs\bsit\ci\todo\system\CodeIgniter.php(824): App\Controllers\Home->index()
#4 C:\xampp\htdocs\bsit\ci\todo\system\CodeIgniter.php(410): CodeIgniter\CodeIgniter->runController(Object(App\Controllers\Home))
#5 C:\xampp\htdocs\bsit\ci\todo\system\CodeIgniter.php(318): CodeIgniter\CodeIgniter->handleRequest(NULL, Object(Config\Cache), false)
#6 C:\xampp\htdocs\bsit\ci\todo\public\index.php(37): CodeIgniter\CodeIgniter->run()
#7 {main}
CRITICAL - 2021-12-21 21:23:28 --> Invalid file: template/Index.php
#0 C:\xampp\htdocs\bsit\ci\todo\system\View\View.php(198): CodeIgniter\Exceptions\FrameworkException::forInvalidFile('template/Index....')
#1 C:\xampp\htdocs\bsit\ci\todo\system\Common.php(1097): CodeIgniter\View\View->render('template/Index....', Array, true)
#2 C:\xampp\htdocs\bsit\ci\todo\app\Controllers\Home.php(19): view('template/Index....', Array)
#3 C:\xampp\htdocs\bsit\ci\todo\system\CodeIgniter.php(824): App\Controllers\Home->index()
#4 C:\xampp\htdocs\bsit\ci\todo\system\CodeIgniter.php(410): CodeIgniter\CodeIgniter->runController(Object(App\Controllers\Home))
#5 C:\xampp\htdocs\bsit\ci\todo\system\CodeIgniter.php(318): CodeIgniter\CodeIgniter->handleRequest(NULL, Object(Config\Cache), false)
#6 C:\xampp\htdocs\bsit\ci\todo\public\index.php(37): CodeIgniter\CodeIgniter->run()
#7 {main}
CRITICAL - 2021-12-21 21:23:29 --> Invalid file: template/Index.php
#0 C:\xampp\htdocs\bsit\ci\todo\system\View\View.php(198): CodeIgniter\Exceptions\FrameworkException::forInvalidFile('template/Index....')
#1 C:\xampp\htdocs\bsit\ci\todo\system\Common.php(1097): CodeIgniter\View\View->render('template/Index....', Array, true)
#2 C:\xampp\htdocs\bsit\ci\todo\app\Controllers\Home.php(19): view('template/Index....', Array)
#3 C:\xampp\htdocs\bsit\ci\todo\system\CodeIgniter.php(824): App\Controllers\Home->index()
#4 C:\xampp\htdocs\bsit\ci\todo\system\CodeIgniter.php(410): CodeIgniter\CodeIgniter->runController(Object(App\Controllers\Home))
#5 C:\xampp\htdocs\bsit\ci\todo\system\CodeIgniter.php(318): CodeIgniter\CodeIgniter->handleRequest(NULL, Object(Config\Cache), false)
#6 C:\xampp\htdocs\bsit\ci\todo\public\index.php(37): CodeIgniter\CodeIgniter->run()
#7 {main}
CRITICAL - 2021-12-21 21:23:32 --> Invalid file: template/Index.php
#0 C:\xampp\htdocs\bsit\ci\todo\system\View\View.php(198): CodeIgniter\Exceptions\FrameworkException::forInvalidFile('template/Index....')
#1 C:\xampp\htdocs\bsit\ci\todo\system\Common.php(1097): CodeIgniter\View\View->render('template/Index....', Array, true)
#2 C:\xampp\htdocs\bsit\ci\todo\app\Controllers\Home.php(19): view('template/Index....', Array)
#3 C:\xampp\htdocs\bsit\ci\todo\system\CodeIgniter.php(824): App\Controllers\Home->index()
#4 C:\xampp\htdocs\bsit\ci\todo\system\CodeIgniter.php(410): CodeIgniter\CodeIgniter->runController(Object(App\Controllers\Home))
#5 C:\xampp\htdocs\bsit\ci\todo\system\CodeIgniter.php(318): CodeIgniter\CodeIgniter->handleRequest(NULL, Object(Config\Cache), false)
#6 C:\xampp\htdocs\bsit\ci\todo\public\index.php(37): CodeIgniter\CodeIgniter->run()
#7 {main}
CRITICAL - 2021-12-21 21:35:31 --> Invalid file: Home.php
#0 C:\xampp\htdocs\bsit\ci\todo\system\View\View.php(198): CodeIgniter\Exceptions\FrameworkException::forInvalidFile('Home.php')
#1 C:\xampp\htdocs\bsit\ci\todo\system\Common.php(1097): CodeIgniter\View\View->render('Home', Array, true)
#2 C:\xampp\htdocs\bsit\ci\todo\app\Views\template\content.php(24): view('Home')
#3 C:\xampp\htdocs\bsit\ci\todo\system\View\View.php(214): include('C:\\xampp\\htdocs...')
#4 C:\xampp\htdocs\bsit\ci\todo\system\View\View.php(217): CodeIgniter\View\View->CodeIgniter\View\{closure}()
#5 C:\xampp\htdocs\bsit\ci\todo\system\Common.php(1097): CodeIgniter\View\View->render('template/conten...', Array, true)
#6 C:\xampp\htdocs\bsit\ci\todo\app\Views\template\index.php(5): view('template/conten...')
#7 C:\xampp\htdocs\bsit\ci\todo\system\View\View.php(214): include('C:\\xampp\\htdocs...')
#8 C:\xampp\htdocs\bsit\ci\todo\system\View\View.php(217): CodeIgniter\View\View->CodeIgniter\View\{closure}()
#9 C:\xampp\htdocs\bsit\ci\todo\system\Common.php(1097): CodeIgniter\View\View->render('template/Index....', Array, true)
#10 C:\xampp\htdocs\bsit\ci\todo\app\Controllers\Home.php(19): view('template/Index....', Array)
#11 C:\xampp\htdocs\bsit\ci\todo\system\CodeIgniter.php(824): App\Controllers\Home->index()
#12 C:\xampp\htdocs\bsit\ci\todo\system\CodeIgniter.php(410): CodeIgniter\CodeIgniter->runController(Object(App\Controllers\Home))
#13 C:\xampp\htdocs\bsit\ci\todo\system\CodeIgniter.php(318): CodeIgniter\CodeIgniter->handleRequest(NULL, Object(Config\Cache), false)
#14 C:\xampp\htdocs\bsit\ci\todo\public\index.php(37): CodeIgniter\CodeIgniter->run()
#15 {main}
CRITICAL - 2021-12-21 21:36:25 --> Invalid file: Home.php
#0 C:\xampp\htdocs\bsit\ci\todo\system\View\View.php(198): CodeIgniter\Exceptions\FrameworkException::forInvalidFile('Home.php')
#1 C:\xampp\htdocs\bsit\ci\todo\system\Common.php(1097): CodeIgniter\View\View->render('Home', Array, true)
#2 C:\xampp\htdocs\bsit\ci\todo\app\Views\template\content.php(24): view('Home')
#3 C:\xampp\htdocs\bsit\ci\todo\system\View\View.php(214): include('C:\\xampp\\htdocs...')
#4 C:\xampp\htdocs\bsit\ci\todo\system\View\View.php(217): CodeIgniter\View\View->CodeIgniter\View\{closure}()
#5 C:\xampp\htdocs\bsit\ci\todo\system\Common.php(1097): CodeIgniter\View\View->render('template/conten...', Array, true)
#6 C:\xampp\htdocs\bsit\ci\todo\app\Views\template\index.php(5): view('template/conten...')
#7 C:\xampp\htdocs\bsit\ci\todo\system\View\View.php(214): include('C:\\xampp\\htdocs...')
#8 C:\xampp\htdocs\bsit\ci\todo\system\View\View.php(217): CodeIgniter\View\View->CodeIgniter\View\{closure}()
#9 C:\xampp\htdocs\bsit\ci\todo\system\Common.php(1097): CodeIgniter\View\View->render('template/index....', Array, true)
#10 C:\xampp\htdocs\bsit\ci\todo\app\Controllers\Home.php(19): view('template/index....', Array)
#11 C:\xampp\htdocs\bsit\ci\todo\system\CodeIgniter.php(824): App\Controllers\Home->index()
#12 C:\xampp\htdocs\bsit\ci\todo\system\CodeIgniter.php(410): CodeIgniter\CodeIgniter->runController(Object(App\Controllers\Home))
#13 C:\xampp\htdocs\bsit\ci\todo\system\CodeIgniter.php(318): CodeIgniter\CodeIgniter->handleRequest(NULL, Object(Config\Cache), false)
#14 C:\xampp\htdocs\bsit\ci\todo\public\index.php(37): CodeIgniter\CodeIgniter->run()
#15 {main}
